[     763ms] Error: Minified React error #425; visit https://reactjs.org/docs/error-decoder.html?invariant=425 for the full message or use the non-minified dev environment for full errors and additional helpful warnings.
    at rh (https://azizkhaldi.com/_next/static/chunks/framework-ecc4130bc7a58a64.js:9:40161)
    at https://azizkhaldi.com/_next/static/chunks/framework-ecc4130bc7a58a64.js:9:100620
    at oD (https://azizkhaldi.com/_next/static/chunks/framework-ecc4130bc7a58a64.js:9:106131)
    at oO (https://azizkhaldi.com/_next/static/chunks/framework-ecc4130bc7a58a64.js:9:99079)
    at https://azizkhaldi.com/_next/static/chunks/framework-ecc4130bc7a58a64.js:9:98886
    at oF (https://azizkhaldi.com/_next/static/chunks/framework-ecc4130bc7a58a64.js:9:98893)
    at oS (https://azizkhaldi.com/_next/static/chunks/framework-ecc4130bc7a58a64.js:9:93932)
    at x (https://azizkhaldi.com/_next/static/chunks/framework-ecc4130bc7a58a64.js:33:1364)
    at MessagePort.T (https://azizkhaldi.com/_next/static/chunks/framework-ecc4130bc7a58a64.js:33:1894)
[     765ms] Error: Minified React error #418; visit https://reactjs.org/docs/error-decoder.html?invariant=418 for the full message or use the non-minified dev environment for full errors and additional helpful warnings.
    at lg (https://azizkhaldi.com/_next/static/chunks/framework-ecc4130bc7a58a64.js:9:46457)
    at i (https://azizkhaldi.com/_next/static/chunks/framework-ecc4130bc7a58a64.js:9:121052)
    at oO (https://azizkhaldi.com/_next/static/chunks/framework-ecc4130bc7a58a64.js:9:99019)
    at https://azizkhaldi.com/_next/static/chunks/framework-ecc4130bc7a58a64.js:9:98886
    at oF (https://azizkhaldi.com/_next/static/chunks/framework-ecc4130bc7a58a64.js:9:98893)
    at oS (https://azizkhaldi.com/_next/static/chunks/framework-ecc4130bc7a58a64.js:9:93932)
    at x (https://azizkhaldi.com/_next/static/chunks/framework-ecc4130bc7a58a64.js:33:1364)
    at MessagePort.T (https://azizkhaldi.com/_next/static/chunks/framework-ecc4130bc7a58a64.js:33:1894)
[     766ms] Error: Minified React error #418; visit https://reactjs.org/docs/error-decoder.html?invariant=418 for the full message or use the non-minified dev environment for full errors and additional helpful warnings.
    at lg (https://azizkhaldi.com/_next/static/chunks/framework-ecc4130bc7a58a64.js:9:46457)
    at i (https://azizkhaldi.com/_next/static/chunks/framework-ecc4130bc7a58a64.js:9:121052)
    at oO (https://azizkhaldi.com/_next/static/chunks/framework-ecc4130bc7a58a64.js:9:99019)
    at https://azizkhaldi.com/_next/static/chunks/framework-ecc4130bc7a58a64.js:9:98886
    at oF (https://azizkhaldi.com/_next/static/chunks/framework-ecc4130bc7a58a64.js:9:98893)
    at oS (https://azizkhaldi.com/_next/static/chunks/framework-ecc4130bc7a58a64.js:9:93932)
    at x (https://azizkhaldi.com/_next/static/chunks/framework-ecc4130bc7a58a64.js:33:1364)
    at MessagePort.T (https://azizkhaldi.com/_next/static/chunks/framework-ecc4130bc7a58a64.js:33:1894)
[     766ms] Error: Minified React error #418; visit https://reactjs.org/docs/error-decoder.html?invariant=418 for the full message or use the non-minified dev environment for full errors and additional helpful warnings.
    at lg (https://azizkhaldi.com/_next/static/chunks/framework-ecc4130bc7a58a64.js:9:46457)
    at i (https://azizkhaldi.com/_next/static/chunks/framework-ecc4130bc7a58a64.js:9:121052)
    at oO (https://azizkhaldi.com/_next/static/chunks/framework-ecc4130bc7a58a64.js:9:99019)
    at https://azizkhaldi.com/_next/static/chunks/framework-ecc4130bc7a58a64.js:9:98886
    at oF (https://azizkhaldi.com/_next/static/chunks/framework-ecc4130bc7a58a64.js:9:98893)
    at oS (https://azizkhaldi.com/_next/static/chunks/framework-ecc4130bc7a58a64.js:9:93932)
    at x (https://azizkhaldi.com/_next/static/chunks/framework-ecc4130bc7a58a64.js:33:1364)
    at MessagePort.T (https://azizkhaldi.com/_next/static/chunks/framework-ecc4130bc7a58a64.js:33:1894)
[     766ms] Error: Minified React error #423; visit https://reactjs.org/docs/error-decoder.html?invariant=423 for the full message or use the non-minified dev environment for full errors and additional helpful warnings.
    at i (https://azizkhaldi.com/_next/static/chunks/framework-ecc4130bc7a58a64.js:9:120721)
    at oO (https://azizkhaldi.com/_next/static/chunks/framework-ecc4130bc7a58a64.js:9:99019)
    at https://azizkhaldi.com/_next/static/chunks/framework-ecc4130bc7a58a64.js:9:98886
    at oF (https://azizkhaldi.com/_next/static/chunks/framework-ecc4130bc7a58a64.js:9:98893)
    at ox (https://azizkhaldi.com/_next/static/chunks/framework-ecc4130bc7a58a64.js:9:95645)
    at oS (https://azizkhaldi.com/_next/static/chunks/framework-ecc4130bc7a58a64.js:9:94200)
    at x (https://azizkhaldi.com/_next/static/chunks/framework-ecc4130bc7a58a64.js:33:1364)
    at MessagePort.T (https://azizkhaldi.com/_next/static/chunks/framework-ecc4130bc7a58a64.js:33:1894)
[     981ms] [WARNING] updating from  119 to  120 @ https://azizkhaldi.com/_next/static/chunks/58a3678d-05679c921dc6d218.js:3138
[   40140ms] [ERROR] THREE.WebGLRenderer: A WebGL context could not be created. Reason:  Canvas has an existing context of a different type @ https://azizkhaldi.com/_next/static/chunks/58a3678d-05679c921dc6d218.js:3138
[  236035ms] [WARNING] [.WebGL-0x11404eee400] GL_INVALID_VALUE: glTexStorage2D: Texture dimensions must all be greater than zero. @ https://azizkhaldi.com/:0
[  236035ms] [WARNING] [.WebGL-0x11404eee400] GL_INVALID_FRAMEBUFFER_OPERATION: glClear: Framebuffer is incomplete: Attachment has zero size. @ https://azizkhaldi.com/:0
[  236035ms] [WARNING] [.WebGL-0x11404eee400] GL_INVALID_FRAMEBUFFER_OPERATION: glClearBufferfv: Framebuffer is incomplete: Attachment has zero size. @ https://azizkhaldi.com/:0
[  236035ms] [WARNING] [.WebGL-0x11404eee400] GL_INVALID_FRAMEBUFFER_OPERATION: glDrawElements: Framebuffer is incomplete: Attachment has zero size. @ https://azizkhaldi.com/:0
[  236035ms] [WARNING] [.WebGL-0x11404eee400] GL_INVALID_FRAMEBUFFER_OPERATION: glDrawElements: Framebuffer is incomplete: Attachment has zero size. @ https://azizkhaldi.com/:0
[  236035ms] [WARNING] [.WebGL-0x11404eee400] GL_INVALID_FRAMEBUFFER_OPERATION: glDrawElements: Framebuffer is incomplete: Attachment has zero size. @ https://azizkhaldi.com/:0
[  236035ms] [WARNING] [.WebGL-0x11404eee400] GL_INVALID_FRAMEBUFFER_OPERATION: glDrawElements: Framebuffer is incomplete: Attachment has zero size. @ https://azizkhaldi.com/:0
[  236035ms] [WARNING] [.WebGL-0x11404eee400] GL_INVALID_FRAMEBUFFER_OPERATION: glDrawElements: Framebuffer is incomplete: Attachment has zero size. @ https://azizkhaldi.com/:0
[  236035ms] [WARNING] [.WebGL-0x11404eee400] GL_INVALID_FRAMEBUFFER_OPERATION: glDrawElements: Framebuffer is incomplete: Attachment has zero size. @ https://azizkhaldi.com/:0
[  236035ms] [WARNING] [.WebGL-0x11404eee400] GL_INVALID_FRAMEBUFFER_OPERATION: glDrawElements: Framebuffer is incomplete: Attachment has zero size. @ https://azizkhaldi.com/:0
[  236070ms] [WARNING] [.WebGL-0x11404eee400] GL_INVALID_FRAMEBUFFER_OPERATION: glDrawElements: Framebuffer is incomplete: Attachment has zero size. @ https://azizkhaldi.com/:0
[  236070ms] [WARNING] [.WebGL-0x11404eee400] GL_INVALID_FRAMEBUFFER_OPERATION: glDrawElements: Framebuffer is incomplete: Attachment has zero size. @ https://azizkhaldi.com/:0
[  236070ms] [WARNING] [.WebGL-0x11404eee400] GL_INVALID_FRAMEBUFFER_OPERATION: glDrawElements: Framebuffer is incomplete: Attachment has zero size. @ https://azizkhaldi.com/:0
[  236070ms] [WARNING] [.WebGL-0x11404eee400] GL_INVALID_FRAMEBUFFER_OPERATION: glDrawArrays: Framebuffer is incomplete: Attachment has zero size. @ https://azizkhaldi.com/:0
[  236070ms] [WARNING] [.WebGL-0x11404eee400] GL_INVALID_FRAMEBUFFER_OPERATION: glDrawArrays: Framebuffer is incomplete: Attachment has zero size. @ https://azizkhaldi.com/:0
[  236070ms] [WARNING] [.WebGL-0x11404eee400] GL_INVALID_FRAMEBUFFER_OPERATION: glClear: Framebuffer is incomplete: Attachment has zero size. @ https://azizkhaldi.com/:0
[  236070ms] [WARNING] [.WebGL-0x11404eee400] GL_INVALID_FRAMEBUFFER_OPERATION: glClearBufferfv: Framebuffer is incomplete: Attachment has zero size. @ https://azizkhaldi.com/:0
[  236070ms] [WARNING] [.WebGL-0x11404eee400] GL_INVALID_FRAMEBUFFER_OPERATION: glDrawElements: Framebuffer is incomplete: Attachment has zero size. @ https://azizkhaldi.com/:0
[  236070ms] [WARNING] [.WebGL-0x11404eee400] GL_INVALID_FRAMEBUFFER_OPERATION: glDrawElements: Framebuffer is incomplete: Attachment has zero size. @ https://azizkhaldi.com/:0
[  236070ms] [WARNING] [.WebGL-0x11404eee400] GL_INVALID_FRAMEBUFFER_OPERATION: glDrawElements: Framebuffer is incomplete: Attachment has zero size. @ https://azizkhaldi.com/:0
[  236070ms] [WARNING] [.WebGL-0x11404eee400] GL_INVALID_FRAMEBUFFER_OPERATION: glDrawElements: Framebuffer is incomplete: Attachment has zero size. @ https://azizkhaldi.com/:0
[  236070ms] [WARNING] [.WebGL-0x11404eee400] GL_INVALID_FRAMEBUFFER_OPERATION: glDrawElements: Framebuffer is incomplete: Attachment has zero size. @ https://azizkhaldi.com/:0
[  236070ms] [WARNING] [.WebGL-0x11404eee400] GL_INVALID_FRAMEBUFFER_OPERATION: glDrawElements: Framebuffer is incomplete: Attachment has zero size. @ https://azizkhaldi.com/:0
[  236070ms] [WARNING] [.WebGL-0x11404eee400] GL_INVALID_FRAMEBUFFER_OPERATION: glDrawElements: Framebuffer is incomplete: Attachment has zero size. @ https://azizkhaldi.com/:0
[  236070ms] [WARNING] [.WebGL-0x11404eee400] GL_INVALID_FRAMEBUFFER_OPERATION: glDrawElements: Framebuffer is incomplete: Attachment has zero size. @ https://azizkhaldi.com/:0
[  236070ms] [WARNING] [.WebGL-0x11404eee400] GL_INVALID_FRAMEBUFFER_OPERATION: glDrawElements: Framebuffer is incomplete: Attachment has zero size. @ https://azizkhaldi.com/:0
[  236070ms] [WARNING] [.WebGL-0x11404eee400] GL_INVALID_FRAMEBUFFER_OPERATION: glDrawElements: Framebuffer is incomplete: Attachment has zero size. @ https://azizkhaldi.com/:0
[  236070ms] [WARNING] [.WebGL-0x11404eee400] GL_INVALID_FRAMEBUFFER_OPERATION: glDrawArrays: Framebuffer is incomplete: Attachment has zero size. @ https://azizkhaldi.com/:0
[  236070ms] [WARNING] [.WebGL-0x11404eee400] GL_INVALID_FRAMEBUFFER_OPERATION: glDrawArrays: Framebuffer is incomplete: Attachment has zero size. @ https://azizkhaldi.com/:0
[  236095ms] [WARNING] [.WebGL-0x11404eee400] GL_INVALID_FRAMEBUFFER_OPERATION: glClear: Framebuffer is incomplete: Attachment has zero size. @ https://azizkhaldi.com/:0
[  236096ms] [WARNING] [.WebGL-0x11404eee400] GL_INVALID_FRAMEBUFFER_OPERATION: glClearBufferfv: Framebuffer is incomplete: Attachment has zero size. @ https://azizkhaldi.com/:0
[  236119ms] [WARNING] [.WebGL-0x11404eee400] GL_INVALID_FRAMEBUFFER_OPERATION: glDrawElements: Framebuffer is incomplete: Attachment has zero size. @ https://azizkhaldi.com/:0
[  236120ms] [WARNING] [.WebGL-0x11404eee400] GL_INVALID_FRAMEBUFFER_OPERATION: glDrawElements: Framebuffer is incomplete: Attachment has zero size. @ https://azizkhaldi.com/:0
[  236120ms] [WARNING] [.WebGL-0x11404eee400] GL_INVALID_FRAMEBUFFER_OPERATION: glDrawElements: Framebuffer is incomplete: Attachment has zero size. @ https://azizkhaldi.com/:0
[  236120ms] [WARNING] [.WebGL-0x11404eee400] GL_INVALID_FRAMEBUFFER_OPERATION: glDrawElements: Framebuffer is incomplete: Attachment has zero size. @ https://azizkhaldi.com/:0
[  236120ms] [WARNING] [.WebGL-0x11404eee400] GL_INVALID_FRAMEBUFFER_OPERATION: glDrawElements: Framebuffer is incomplete: Attachment has zero size. @ https://azizkhaldi.com/:0
[  236120ms] [WARNING] [.WebGL-0x11404eee400] GL_INVALID_FRAMEBUFFER_OPERATION: glDrawElements: Framebuffer is incomplete: Attachment has zero size. @ https://azizkhaldi.com/:0
[  236120ms] [WARNING] [.WebGL-0x11404eee400] GL_INVALID_FRAMEBUFFER_OPERATION: glDrawElements: Framebuffer is incomplete: Attachment has zero size. @ https://azizkhaldi.com/:0
[  236120ms] [WARNING] [.WebGL-0x11404eee400] GL_INVALID_FRAMEBUFFER_OPERATION: glDrawElements: Framebuffer is incomplete: Attachment has zero size. @ https://azizkhaldi.com/:0
[  236120ms] [WARNING] [.WebGL-0x11404eee400] GL_INVALID_FRAMEBUFFER_OPERATION: glDrawElements: Framebuffer is incomplete: Attachment has zero size. @ https://azizkhaldi.com/:0
[  236120ms] [WARNING] [.WebGL-0x11404eee400] GL_INVALID_FRAMEBUFFER_OPERATION: glDrawElements: Framebuffer is incomplete: Attachment has zero size. @ https://azizkhaldi.com/:0
[  236120ms] [WARNING] [.WebGL-0x11404eee400] GL_INVALID_FRAMEBUFFER_OPERATION: glDrawArrays: Framebuffer is incomplete: Attachment has zero size. @ https://azizkhaldi.com/:0
[  236120ms] [WARNING] [.WebGL-0x11404eee400] GL_INVALID_FRAMEBUFFER_OPERATION: glDrawArrays: Framebuffer is incomplete: Attachment has zero size. @ https://azizkhaldi.com/:0
[  236120ms] [WARNING] [.WebGL-0x11404eee400] GL_INVALID_FRAMEBUFFER_OPERATION: glClear: Framebuffer is incomplete: Attachment has zero size. @ https://azizkhaldi.com/:0
[  236120ms] [WARNING] [.WebGL-0x11404eee400] GL_INVALID_FRAMEBUFFER_OPERATION: glClearBufferfv: Framebuffer is incomplete: Attachment has zero size. @ https://azizkhaldi.com/:0
[  236142ms] [WARNING] [.WebGL-0x11404eee400] GL_INVALID_FRAMEBUFFER_OPERATION: glDrawElements: Framebuffer is incomplete: Attachment has zero size. @ https://azizkhaldi.com/:0
[  236142ms] [WARNING] [.WebGL-0x11404eee400] GL_INVALID_FRAMEBUFFER_OPERATION: glDrawElements: Framebuffer is incomplete: Attachment has zero size. @ https://azizkhaldi.com/:0
[  236142ms] [WARNING] [.WebGL-0x11404eee400] GL_INVALID_FRAMEBUFFER_OPERATION: glDrawElements: Framebuffer is incomplete: Attachment has zero size. @ https://azizkhaldi.com/:0
[  236142ms] [WARNING] [.WebGL-0x11404eee400] GL_INVALID_FRAMEBUFFER_OPERATION: glDrawElements: Framebuffer is incomplete: Attachment has zero size. @ https://azizkhaldi.com/:0
[  236142ms] [WARNING] [.WebGL-0x11404eee400] GL_INVALID_FRAMEBUFFER_OPERATION: glDrawElements: Framebuffer is incomplete: Attachment has zero size. @ https://azizkhaldi.com/:0
[  236142ms] [WARNING] [.WebGL-0x11404eee400] GL_INVALID_FRAMEBUFFER_OPERATION: glDrawElements: Framebuffer is incomplete: Attachment has zero size. @ https://azizkhaldi.com/:0
[  236142ms] [WARNING] [.WebGL-0x11404eee400] GL_INVALID_FRAMEBUFFER_OPERATION: glDrawElements: Framebuffer is incomplete: Attachment has zero size. @ https://azizkhaldi.com/:0
[  236142ms] [WARNING] [.WebGL-0x11404eee400] GL_INVALID_FRAMEBUFFER_OPERATION: glDrawElements: Framebuffer is incomplete: Attachment has zero size. @ https://azizkhaldi.com/:0
[  236142ms] [WARNING] [.WebGL-0x11404eee400] GL_INVALID_FRAMEBUFFER_OPERATION: glDrawElements: Framebuffer is incomplete: Attachment has zero size. @ https://azizkhaldi.com/:0
[  236142ms] [WARNING] [.WebGL-0x11404eee400] GL_INVALID_FRAMEBUFFER_OPERATION: glDrawElements: Framebuffer is incomplete: Attachment has zero size. @ https://azizkhaldi.com/:0
[  236142ms] [WARNING] [.WebGL-0x11404eee400] GL_INVALID_FRAMEBUFFER_OPERATION: glDrawArrays: Framebuffer is incomplete: Attachment has zero size. @ https://azizkhaldi.com/:0
[  236142ms] [WARNING] [.WebGL-0x11404eee400] GL_INVALID_FRAMEBUFFER_OPERATION: glDrawArrays: Framebuffer is incomplete: Attachment has zero size. @ https://azizkhaldi.com/:0
[  236142ms] [WARNING] [.WebGL-0x11404eee400] GL_INVALID_FRAMEBUFFER_OPERATION: glClear: Framebuffer is incomplete: Attachment has zero size. @ https://azizkhaldi.com/:0
[  236142ms] [WARNING] [.WebGL-0x11404eee400] GL_INVALID_FRAMEBUFFER_OPERATION: glClearBufferfv: Framebuffer is incomplete: Attachment has zero size. @ https://azizkhaldi.com/:0
[  236142ms] [WARNING] [.WebGL-0x11404eee400] GL_INVALID_FRAMEBUFFER_OPERATION: glDrawElements: Framebuffer is incomplete: Attachment has zero size. @ https://azizkhaldi.com/:0
[  236142ms] [WARNING] [.WebGL-0x11404eee400] GL_INVALID_FRAMEBUFFER_OPERATION: glDrawElements: Framebuffer is incomplete: Attachment has zero size. @ https://azizkhaldi.com/:0
[  236142ms] [WARNING] [.WebGL-0x11404eee400] GL_INVALID_FRAMEBUFFER_OPERATION: glDrawElements: Framebuffer is incomplete: Attachment has zero size. @ https://azizkhaldi.com/:0
[  236142ms] [WARNING] [.WebGL-0x11404eee400] GL_INVALID_FRAMEBUFFER_OPERATION: glDrawElements: Framebuffer is incomplete: Attachment has zero size. @ https://azizkhaldi.com/:0
[  236142ms] [WARNING] [.WebGL-0x11404eee400] GL_INVALID_FRAMEBUFFER_OPERATION: glDrawElements: Framebuffer is incomplete: Attachment has zero size. @ https://azizkhaldi.com/:0
[  236142ms] [WARNING] [.WebGL-0x11404eee400] GL_INVALID_FRAMEBUFFER_OPERATION: glDrawElements: Framebuffer is incomplete: Attachment has zero size. @ https://azizkhaldi.com/:0
[  236142ms] [WARNING] [.WebGL-0x11404eee400] GL_INVALID_FRAMEBUFFER_OPERATION: glDrawElements: Framebuffer is incomplete: Attachment has zero size. @ https://azizkhaldi.com/:0
[  236142ms] [WARNING] [.WebGL-0x11404eee400] GL_INVALID_FRAMEBUFFER_OPERATION: glDrawElements: Framebuffer is incomplete: Attachment has zero size. @ https://azizkhaldi.com/:0
[  236158ms] [WARNING] [.WebGL-0x11404eee400] GL_INVALID_FRAMEBUFFER_OPERATION: glDrawElements: Framebuffer is incomplete: Attachment has zero size. @ https://azizkhaldi.com/:0
[  236158ms] [WARNING] [.WebGL-0x11404eee400] GL_INVALID_FRAMEBUFFER_OPERATION: glDrawElements: Framebuffer is incomplete: Attachment has zero size. @ https://azizkhaldi.com/:0
[  236158ms] [WARNING] [.WebGL-0x11404eee400] GL_INVALID_FRAMEBUFFER_OPERATION: glDrawArrays: Framebuffer is incomplete: Attachment has zero size. @ https://azizkhaldi.com/:0
[  236158ms] [WARNING] [.WebGL-0x11404eee400] GL_INVALID_FRAMEBUFFER_OPERATION: glDrawArrays: Framebuffer is incomplete: Attachment has zero size. @ https://azizkhaldi.com/:0
[  236158ms] [WARNING] [.WebGL-0x11404eee400] GL_INVALID_FRAMEBUFFER_OPERATION: glClear: Framebuffer is incomplete: Attachment has zero size. @ https://azizkhaldi.com/:0
[  236158ms] [WARNING] [.WebGL-0x11404eee400] GL_INVALID_FRAMEBUFFER_OPERATION: glClearBufferfv: Framebuffer is incomplete: Attachment has zero size. @ https://azizkhaldi.com/:0
[  236175ms] [WARNING] [.WebGL-0x11404eee400] GL_INVALID_FRAMEBUFFER_OPERATION: glDrawElements: Framebuffer is incomplete: Attachment has zero size. @ https://azizkhaldi.com/:0
[  236175ms] [WARNING] [.WebGL-0x11404eee400] GL_INVALID_FRAMEBUFFER_OPERATION: glDrawElements: Framebuffer is incomplete: Attachment has zero size. @ https://azizkhaldi.com/:0
[  236175ms] [WARNING] [.WebGL-0x11404eee400] GL_INVALID_FRAMEBUFFER_OPERATION: glDrawElements: Framebuffer is incomplete: Attachment has zero size. @ https://azizkhaldi.com/:0
[  236175ms] [WARNING] [.WebGL-0x11404eee400] GL_INVALID_FRAMEBUFFER_OPERATION: glDrawElements: Framebuffer is incomplete: Attachment has zero size. @ https://azizkhaldi.com/:0
[  236175ms] [WARNING] [.WebGL-0x11404eee400] GL_INVALID_FRAMEBUFFER_OPERATION: glDrawElements: Framebuffer is incomplete: Attachment has zero size. @ https://azizkhaldi.com/:0
[  236176ms] [WARNING] [.WebGL-0x11404eee400] GL_INVALID_FRAMEBUFFER_OPERATION: glDrawElements: Framebuffer is incomplete: Attachment has zero size. @ https://azizkhaldi.com/:0
[  236176ms] [WARNING] [.WebGL-0x11404eee400] GL_INVALID_FRAMEBUFFER_OPERATION: glDrawElements: Framebuffer is incomplete: Attachment has zero size. @ https://azizkhaldi.com/:0
[  236176ms] [WARNING] [.WebGL-0x11404eee400] GL_INVALID_FRAMEBUFFER_OPERATION: glDrawElements: Framebuffer is incomplete: Attachment has zero size. @ https://azizkhaldi.com/:0
[  236176ms] [WARNING] [.WebGL-0x11404eee400] GL_INVALID_FRAMEBUFFER_OPERATION: glDrawElements: Framebuffer is incomplete: Attachment has zero size. @ https://azizkhaldi.com/:0
[  236176ms] [WARNING] [.WebGL-0x11404eee400] GL_INVALID_FRAMEBUFFER_OPERATION: glDrawElements: Framebuffer is incomplete: Attachment has zero size. @ https://azizkhaldi.com/:0
[  236176ms] [WARNING] [.WebGL-0x11404eee400] GL_INVALID_FRAMEBUFFER_OPERATION: glDrawArrays: Framebuffer is incomplete: Attachment has zero size. @ https://azizkhaldi.com/:0
[  236176ms] [WARNING] [.WebGL-0x11404eee400] GL_INVALID_FRAMEBUFFER_OPERATION: glDrawArrays: Framebuffer is incomplete: Attachment has zero size. @ https://azizkhaldi.com/:0
[  236176ms] [WARNING] [.WebGL-0x11404eee400] GL_INVALID_FRAMEBUFFER_OPERATION: glClear: Framebuffer is incomplete: Attachment has zero size. @ https://azizkhaldi.com/:0
[  236176ms] [WARNING] [.WebGL-0x11404eee400] GL_INVALID_FRAMEBUFFER_OPERATION: glClearBufferfv: Framebuffer is incomplete: Attachment has zero size. @ https://azizkhaldi.com/:0
[  236190ms] [WARNING] [.WebGL-0x11404eee400] GL_INVALID_FRAMEBUFFER_OPERATION: glDrawElements: Framebuffer is incomplete: Attachment has zero size. @ https://azizkhaldi.com/:0
[  236190ms] [WARNING] [.WebGL-0x11404eee400] GL_INVALID_FRAMEBUFFER_OPERATION: glDrawElements: Framebuffer is incomplete: Attachment has zero size. @ https://azizkhaldi.com/:0
[  236190ms] [WARNING] [.WebGL-0x11404eee400] GL_INVALID_FRAMEBUFFER_OPERATION: glDrawElements: Framebuffer is incomplete: Attachment has zero size. @ https://azizkhaldi.com/:0
[  236190ms] [WARNING] [.WebGL-0x11404eee400] GL_INVALID_FRAMEBUFFER_OPERATION: glDrawElements: Framebuffer is incomplete: Attachment has zero size. @ https://azizkhaldi.com/:0
[  236190ms] [WARNING] [.WebGL-0x11404eee400] GL_INVALID_FRAMEBUFFER_OPERATION: glDrawElements: Framebuffer is incomplete: Attachment has zero size. @ https://azizkhaldi.com/:0
[  236190ms] [WARNING] [.WebGL-0x11404eee400] GL_INVALID_FRAMEBUFFER_OPERATION: glDrawElements: Framebuffer is incomplete: Attachment has zero size. @ https://azizkhaldi.com/:0
[  236190ms] [WARNING] [.WebGL-0x11404eee400] GL_INVALID_FRAMEBUFFER_OPERATION: glDrawElements: Framebuffer is incomplete: Attachment has zero size. @ https://azizkhaldi.com/:0
[  236190ms] [WARNING] [.WebGL-0x11404eee400] GL_INVALID_FRAMEBUFFER_OPERATION: glDrawElements: Framebuffer is incomplete: Attachment has zero size. @ https://azizkhaldi.com/:0
[  236190ms] [WARNING] [.WebGL-0x11404eee400] GL_INVALID_FRAMEBUFFER_OPERATION: glDrawElements: Framebuffer is incomplete: Attachment has zero size. @ https://azizkhaldi.com/:0
[  236190ms] [WARNING] [.WebGL-0x11404eee400] GL_INVALID_FRAMEBUFFER_OPERATION: glDrawElements: Framebuffer is incomplete: Attachment has zero size. @ https://azizkhaldi.com/:0
[  236190ms] [WARNING] [.WebGL-0x11404eee400] GL_INVALID_FRAMEBUFFER_OPERATION: glDrawArrays: Framebuffer is incomplete: Attachment has zero size. @ https://azizkhaldi.com/:0
[  236190ms] [WARNING] [.WebGL-0x11404eee400] GL_INVALID_FRAMEBUFFER_OPERATION: glDrawArrays: Framebuffer is incomplete: Attachment has zero size. @ https://azizkhaldi.com/:0
[  236190ms] [WARNING] [.WebGL-0x11404eee400] GL_INVALID_FRAMEBUFFER_OPERATION: glClear: Framebuffer is incomplete: Attachment has zero size. @ https://azizkhaldi.com/:0
[  236190ms] [WARNING] [.WebGL-0x11404eee400] GL_INVALID_FRAMEBUFFER_OPERATION: glClearBufferfv: Framebuffer is incomplete: Attachment has zero size. @ https://azizkhaldi.com/:0
[  236205ms] [WARNING] [.WebGL-0x11404eee400] GL_INVALID_FRAMEBUFFER_OPERATION: glDrawElements: Framebuffer is incomplete: Attachment has zero size. @ https://azizkhaldi.com/:0
[  236205ms] [WARNING] [.WebGL-0x11404eee400] GL_INVALID_FRAMEBUFFER_OPERATION: glDrawElements: Framebuffer is incomplete: Attachment has zero size. @ https://azizkhaldi.com/:0
[  236205ms] [WARNING] [.WebGL-0x11404eee400] GL_INVALID_FRAMEBUFFER_OPERATION: glDrawElements: Framebuffer is incomplete: Attachment has zero size. @ https://azizkhaldi.com/:0
[  236205ms] [WARNING] [.WebGL-0x11404eee400] GL_INVALID_FRAMEBUFFER_OPERATION: glDrawElements: Framebuffer is incomplete: Attachment has zero size. @ https://azizkhaldi.com/:0
[  236205ms] [WARNING] [.WebGL-0x11404eee400] GL_INVALID_FRAMEBUFFER_OPERATION: glDrawElements: Framebuffer is incomplete: Attachment has zero size. @ https://azizkhaldi.com/:0
[  236205ms] [WARNING] [.WebGL-0x11404eee400] GL_INVALID_FRAMEBUFFER_OPERATION: glDrawElements: Framebuffer is incomplete: Attachment has zero size. @ https://azizkhaldi.com/:0
[  236206ms] [WARNING] [.WebGL-0x11404eee400] GL_INVALID_FRAMEBUFFER_OPERATION: glDrawElements: Framebuffer is incomplete: Attachment has zero size. @ https://azizkhaldi.com/:0
[  236206ms] [WARNING] [.WebGL-0x11404eee400] GL_INVALID_FRAMEBUFFER_OPERATION: glDrawElements: Framebuffer is incomplete: Attachment has zero size. @ https://azizkhaldi.com/:0
[  236206ms] [WARNING] [.WebGL-0x11404eee400] GL_INVALID_FRAMEBUFFER_OPERATION: glDrawElements: Framebuffer is incomplete: Attachment has zero size. @ https://azizkhaldi.com/:0
[  236206ms] [WARNING] [.WebGL-0x11404eee400] GL_INVALID_FRAMEBUFFER_OPERATION: glDrawElements: Framebuffer is incomplete: Attachment has zero size. @ https://azizkhaldi.com/:0
[  236206ms] [WARNING] [.WebGL-0x11404eee400] GL_INVALID_FRAMEBUFFER_OPERATION: glDrawArrays: Framebuffer is incomplete: Attachment has zero size. @ https://azizkhaldi.com/:0
[  236206ms] [WARNING] [.WebGL-0x11404eee400] GL_INVALID_FRAMEBUFFER_OPERATION: glDrawArrays: Framebuffer is incomplete: Attachment has zero size. @ https://azizkhaldi.com/:0
[  236206ms] [WARNING] [.WebGL-0x11404eee400] GL_INVALID_FRAMEBUFFER_OPERATION: glClear: Framebuffer is incomplete: Attachment has zero size. @ https://azizkhaldi.com/:0
[  236206ms] [WARNING] [.WebGL-0x11404eee400] GL_INVALID_FRAMEBUFFER_OPERATION: glClearBufferfv: Framebuffer is incomplete: Attachment has zero size. @ https://azizkhaldi.com/:0
[  236219ms] [WARNING] [.WebGL-0x11404eee400] GL_INVALID_FRAMEBUFFER_OPERATION: glDrawElements: Framebuffer is incomplete: Attachment has zero size. @ https://azizkhaldi.com/:0
[  236219ms] [WARNING] [.WebGL-0x11404eee400] GL_INVALID_FRAMEBUFFER_OPERATION: glDrawElements: Framebuffer is incomplete: Attachment has zero size. @ https://azizkhaldi.com/:0
[  236219ms] [WARNING] [.WebGL-0x11404eee400] GL_INVALID_FRAMEBUFFER_OPERATION: glDrawElements: Framebuffer is incomplete: Attachment has zero size. @ https://azizkhaldi.com/:0
[  236219ms] [WARNING] [.WebGL-0x11404eee400] GL_INVALID_FRAMEBUFFER_OPERATION: glDrawElements: Framebuffer is incomplete: Attachment has zero size. @ https://azizkhaldi.com/:0
[  236219ms] [WARNING] [.WebGL-0x11404eee400] GL_INVALID_FRAMEBUFFER_OPERATION: glDrawElements: Framebuffer is incomplete: Attachment has zero size. @ https://azizkhaldi.com/:0
[  236219ms] [WARNING] [.WebGL-0x11404eee400] GL_INVALID_FRAMEBUFFER_OPERATION: glDrawElements: Framebuffer is incomplete: Attachment has zero size. @ https://azizkhaldi.com/:0
[  236219ms] [WARNING] [.WebGL-0x11404eee400] GL_INVALID_FRAMEBUFFER_OPERATION: glDrawElements: Framebuffer is incomplete: Attachment has zero size. @ https://azizkhaldi.com/:0
[  236219ms] [WARNING] [.WebGL-0x11404eee400] GL_INVALID_FRAMEBUFFER_OPERATION: glDrawElements: Framebuffer is incomplete: Attachment has zero size. @ https://azizkhaldi.com/:0
[  236219ms] [WARNING] [.WebGL-0x11404eee400] GL_INVALID_FRAMEBUFFER_OPERATION: glDrawElements: Framebuffer is incomplete: Attachment has zero size. @ https://azizkhaldi.com/:0
[  236219ms] [WARNING] [.WebGL-0x11404eee400] GL_INVALID_FRAMEBUFFER_OPERATION: glDrawElements: Framebuffer is incomplete: Attachment has zero size. @ https://azizkhaldi.com/:0
[  236219ms] [WARNING] [.WebGL-0x11404eee400] GL_INVALID_FRAMEBUFFER_OPERATION: glDrawArrays: Framebuffer is incomplete: Attachment has zero size. @ https://azizkhaldi.com/:0
[  236219ms] [WARNING] [.WebGL-0x11404eee400] GL_INVALID_FRAMEBUFFER_OPERATION: glDrawArrays: Framebuffer is incomplete: Attachment has zero size. @ https://azizkhaldi.com/:0
[  236219ms] [WARNING] [.WebGL-0x11404eee400] GL_INVALID_FRAMEBUFFER_OPERATION: glClear: Framebuffer is incomplete: Attachment has zero size. @ https://azizkhaldi.com/:0
[  236219ms] [WARNING] [.WebGL-0x11404eee400] GL_INVALID_FRAMEBUFFER_OPERATION: glClearBufferfv: Framebuffer is incomplete: Attachment has zero size. @ https://azizkhaldi.com/:0
[  236234ms] [WARNING] [.WebGL-0x11404eee400] GL_INVALID_FRAMEBUFFER_OPERATION: glDrawElements: Framebuffer is incomplete: Attachment has zero size. @ https://azizkhaldi.com/:0
[  236234ms] [WARNING] [.WebGL-0x11404eee400] GL_INVALID_FRAMEBUFFER_OPERATION: glDrawElements: Framebuffer is incomplete: Attachment has zero size. @ https://azizkhaldi.com/:0
[  236234ms] [WARNING] [.WebGL-0x11404eee400] GL_INVALID_FRAMEBUFFER_OPERATION: glDrawElements: Framebuffer is incomplete: Attachment has zero size. @ https://azizkhaldi.com/:0
[  236234ms] [WARNING] [.WebGL-0x11404eee400] GL_INVALID_FRAMEBUFFER_OPERATION: glDrawElements: Framebuffer is incomplete: Attachment has zero size. @ https://azizkhaldi.com/:0
[  236234ms] [WARNING] [.WebGL-0x11404eee400] GL_INVALID_FRAMEBUFFER_OPERATION: glDrawElements: Framebuffer is incomplete: Attachment has zero size. @ https://azizkhaldi.com/:0
[  236234ms] [WARNING] [.WebGL-0x11404eee400] GL_INVALID_FRAMEBUFFER_OPERATION: glDrawElements: Framebuffer is incomplete: Attachment has zero size. @ https://azizkhaldi.com/:0
[  236234ms] [WARNING] [.WebGL-0x11404eee400] GL_INVALID_FRAMEBUFFER_OPERATION: glDrawElements: Framebuffer is incomplete: Attachment has zero size. @ https://azizkhaldi.com/:0
[  236234ms] [WARNING] [.WebGL-0x11404eee400] GL_INVALID_FRAMEBUFFER_OPERATION: glDrawElements: Framebuffer is incomplete: Attachment has zero size. @ https://azizkhaldi.com/:0
[  236234ms] [WARNING] [.WebGL-0x11404eee400] GL_INVALID_FRAMEBUFFER_OPERATION: glDrawElements: Framebuffer is incomplete: Attachment has zero size. @ https://azizkhaldi.com/:0
[  236234ms] [WARNING] [.WebGL-0x11404eee400] GL_INVALID_FRAMEBUFFER_OPERATION: glDrawElements: Framebuffer is incomplete: Attachment has zero size. @ https://azizkhaldi.com/:0
[  236234ms] [WARNING] [.WebGL-0x11404eee400] GL_INVALID_FRAMEBUFFER_OPERATION: glDrawArrays: Framebuffer is incomplete: Attachment has zero size. @ https://azizkhaldi.com/:0
[  236234ms] [WARNING] [.WebGL-0x11404eee400] GL_INVALID_FRAMEBUFFER_OPERATION: glDrawArrays: Framebuffer is incomplete: Attachment has zero size. @ https://azizkhaldi.com/:0
[  236234ms] [WARNING] [.WebGL-0x11404eee400] GL_INVALID_FRAMEBUFFER_OPERATION: glClear: Framebuffer is incomplete: Attachment has zero size. @ https://azizkhaldi.com/:0
[  236234ms] [WARNING] [.WebGL-0x11404eee400] GL_INVALID_FRAMEBUFFER_OPERATION: glClearBufferfv: Framebuffer is incomplete: Attachment has zero size. @ https://azizkhaldi.com/:0
[  236250ms] [WARNING] [.WebGL-0x11404eee400] GL_INVALID_FRAMEBUFFER_OPERATION: glDrawElements: Framebuffer is incomplete: Attachment has zero size. @ https://azizkhaldi.com/:0
[  236250ms] [WARNING] [.WebGL-0x11404eee400] GL_INVALID_FRAMEBUFFER_OPERATION: glDrawElements: Framebuffer is incomplete: Attachment has zero size. @ https://azizkhaldi.com/:0
[  236250ms] [WARNING] [.WebGL-0x11404eee400] GL_INVALID_FRAMEBUFFER_OPERATION: glDrawElements: Framebuffer is incomplete: Attachment has zero size. @ https://azizkhaldi.com/:0
[  236250ms] [WARNING] [.WebGL-0x11404eee400] GL_INVALID_FRAMEBUFFER_OPERATION: glDrawElements: Framebuffer is incomplete: Attachment has zero size. @ https://azizkhaldi.com/:0
[  236250ms] [WARNING] [.WebGL-0x11404eee400] GL_INVALID_FRAMEBUFFER_OPERATION: glDrawElements: Framebuffer is incomplete: Attachment has zero size. @ https://azizkhaldi.com/:0
[  236250ms] [WARNING] [.WebGL-0x11404eee400] GL_INVALID_FRAMEBUFFER_OPERATION: glDrawElements: Framebuffer is incomplete: Attachment has zero size. @ https://azizkhaldi.com/:0
[  236250ms] [WARNING] [.WebGL-0x11404eee400] GL_INVALID_FRAMEBUFFER_OPERATION: glDrawElements: Framebuffer is incomplete: Attachment has zero size. @ https://azizkhaldi.com/:0
[  236250ms] [WARNING] [.WebGL-0x11404eee400] GL_INVALID_FRAMEBUFFER_OPERATION: glDrawElements: Framebuffer is incomplete: Attachment has zero size. @ https://azizkhaldi.com/:0
[  236250ms] [WARNING] [.WebGL-0x11404eee400] GL_INVALID_FRAMEBUFFER_OPERATION: glDrawElements: Framebuffer is incomplete: Attachment has zero size. @ https://azizkhaldi.com/:0
[  236250ms] [WARNING] [.WebGL-0x11404eee400] GL_INVALID_FRAMEBUFFER_OPERATION: glDrawElements: Framebuffer is incomplete: Attachment has zero size. @ https://azizkhaldi.com/:0
[  236250ms] [WARNING] [.WebGL-0x11404eee400] GL_INVALID_FRAMEBUFFER_OPERATION: glDrawArrays: Framebuffer is incomplete: Attachment has zero size. @ https://azizkhaldi.com/:0
[  236250ms] [WARNING] [.WebGL-0x11404eee400] GL_INVALID_FRAMEBUFFER_OPERATION: glDrawArrays: Framebuffer is incomplete: Attachment has zero size. @ https://azizkhaldi.com/:0
[  236250ms] [WARNING] [.WebGL-0x11404eee400] GL_INVALID_FRAMEBUFFER_OPERATION: glClear: Framebuffer is incomplete: Attachment has zero size. @ https://azizkhaldi.com/:0
[  236250ms] [WARNING] [.WebGL-0x11404eee400] GL_INVALID_FRAMEBUFFER_OPERATION: glClearBufferfv: Framebuffer is incomplete: Attachment has zero size. @ https://azizkhaldi.com/:0
[  236266ms] [WARNING] [.WebGL-0x11404eee400] GL_INVALID_FRAMEBUFFER_OPERATION: glDrawElements: Framebuffer is incomplete: Attachment has zero size. @ https://azizkhaldi.com/:0
[  236266ms] [WARNING] [.WebGL-0x11404eee400] GL_INVALID_FRAMEBUFFER_OPERATION: glDrawElements: Framebuffer is incomplete: Attachment has zero size. @ https://azizkhaldi.com/:0
[  236266ms] [WARNING] [.WebGL-0x11404eee400] GL_INVALID_FRAMEBUFFER_OPERATION: glDrawElements: Framebuffer is incomplete: Attachment has zero size. @ https://azizkhaldi.com/:0
[  236266ms] [WARNING] [.WebGL-0x11404eee400] GL_INVALID_FRAMEBUFFER_OPERATION: glDrawElements: Framebuffer is incomplete: Attachment has zero size. @ https://azizkhaldi.com/:0
[  236266ms] [WARNING] [.WebGL-0x11404eee400] GL_INVALID_FRAMEBUFFER_OPERATION: glDrawElements: Framebuffer is incomplete: Attachment has zero size. @ https://azizkhaldi.com/:0
[  236266ms] [WARNING] [.WebGL-0x11404eee400] GL_INVALID_FRAMEBUFFER_OPERATION: glDrawElements: Framebuffer is incomplete: Attachment has zero size. @ https://azizkhaldi.com/:0
[  236266ms] [WARNING] [.WebGL-0x11404eee400] GL_INVALID_FRAMEBUFFER_OPERATION: glDrawElements: Framebuffer is incomplete: Attachment has zero size. @ https://azizkhaldi.com/:0
[  236267ms] [WARNING] [.WebGL-0x11404eee400] GL_INVALID_FRAMEBUFFER_OPERATION: glDrawElements: Framebuffer is incomplete: Attachment has zero size. @ https://azizkhaldi.com/:0
[  236267ms] [WARNING] [.WebGL-0x11404eee400] GL_INVALID_FRAMEBUFFER_OPERATION: glDrawElements: Framebuffer is incomplete: Attachment has zero size. @ https://azizkhaldi.com/:0
[  236267ms] [WARNING] [.WebGL-0x11404eee400] GL_INVALID_FRAMEBUFFER_OPERATION: glDrawElements: Framebuffer is incomplete: Attachment has zero size. @ https://azizkhaldi.com/:0
[  236267ms] [WARNING] [.WebGL-0x11404eee400] GL_INVALID_FRAMEBUFFER_OPERATION: glDrawArrays: Framebuffer is incomplete: Attachment has zero size. @ https://azizkhaldi.com/:0
[  236267ms] [WARNING] [.WebGL-0x11404eee400] GL_INVALID_FRAMEBUFFER_OPERATION: glDrawArrays: Framebuffer is incomplete: Attachment has zero size. @ https://azizkhaldi.com/:0
[  236267ms] [WARNING] [.WebGL-0x11404eee400] GL_INVALID_FRAMEBUFFER_OPERATION: glClear: Framebuffer is incomplete: Attachment has zero size. @ https://azizkhaldi.com/:0
[  236267ms] [WARNING] [.WebGL-0x11404eee400] GL_INVALID_FRAMEBUFFER_OPERATION: glClearBufferfv: Framebuffer is incomplete: Attachment has zero size. @ https://azizkhaldi.com/:0
[  236282ms] [WARNING] [.WebGL-0x11404eee400] GL_INVALID_FRAMEBUFFER_OPERATION: glDrawElements: Framebuffer is incomplete: Attachment has zero size. @ https://azizkhaldi.com/:0
[  236282ms] [WARNING] [.WebGL-0x11404eee400] GL_INVALID_FRAMEBUFFER_OPERATION: glDrawElements: Framebuffer is incomplete: Attachment has zero size. @ https://azizkhaldi.com/:0
[  236282ms] [WARNING] [.WebGL-0x11404eee400] GL_INVALID_FRAMEBUFFER_OPERATION: glDrawElements: Framebuffer is incomplete: Attachment has zero size. @ https://azizkhaldi.com/:0
[  236282ms] [WARNING] [.WebGL-0x11404eee400] GL_INVALID_FRAMEBUFFER_OPERATION: glDrawElements: Framebuffer is incomplete: Attachment has zero size. @ https://azizkhaldi.com/:0
[  236283ms] [WARNING] [.WebGL-0x11404eee400] GL_INVALID_FRAMEBUFFER_OPERATION: glDrawElements: Framebuffer is incomplete: Attachment has zero size. @ https://azizkhaldi.com/:0
[  236283ms] [WARNING] [.WebGL-0x11404eee400] GL_INVALID_FRAMEBUFFER_OPERATION: glDrawElements: Framebuffer is incomplete: Attachment has zero size. @ https://azizkhaldi.com/:0
[  236283ms] [WARNING] [.WebGL-0x11404eee400] GL_INVALID_FRAMEBUFFER_OPERATION: glDrawElements: Framebuffer is incomplete: Attachment has zero size. @ https://azizkhaldi.com/:0
[  236283ms] [WARNING] [.WebGL-0x11404eee400] GL_INVALID_FRAMEBUFFER_OPERATION: glDrawElements: Framebuffer is incomplete: Attachment has zero size. @ https://azizkhaldi.com/:0
[  236283ms] [WARNING] [.WebGL-0x11404eee400] GL_INVALID_FRAMEBUFFER_OPERATION: glDrawElements: Framebuffer is incomplete: Attachment has zero size. @ https://azizkhaldi.com/:0
[  236283ms] [WARNING] [.WebGL-0x11404eee400] GL_INVALID_FRAMEBUFFER_OPERATION: glDrawElements: Framebuffer is incomplete: Attachment has zero size. @ https://azizkhaldi.com/:0
[  236283ms] [WARNING] [.WebGL-0x11404eee400] GL_INVALID_FRAMEBUFFER_OPERATION: glDrawArrays: Framebuffer is incomplete: Attachment has zero size. @ https://azizkhaldi.com/:0
[  236283ms] [WARNING] [.WebGL-0x11404eee400] GL_INVALID_FRAMEBUFFER_OPERATION: glDrawArrays: Framebuffer is incomplete: Attachment has zero size. @ https://azizkhaldi.com/:0
[  236283ms] [WARNING] [.WebGL-0x11404eee400] GL_INVALID_FRAMEBUFFER_OPERATION: glClear: Framebuffer is incomplete: Attachment has zero size. @ https://azizkhaldi.com/:0
[  236283ms] [WARNING] [.WebGL-0x11404eee400] GL_INVALID_FRAMEBUFFER_OPERATION: glClearBufferfv: Framebuffer is incomplete: Attachment has zero size. @ https://azizkhaldi.com/:0
[  236298ms] [WARNING] [.WebGL-0x11404eee400] GL_INVALID_FRAMEBUFFER_OPERATION: glDrawElements: Framebuffer is incomplete: Attachment has zero size. @ https://azizkhaldi.com/:0
[  236298ms] [WARNING] [.WebGL-0x11404eee400] GL_INVALID_FRAMEBUFFER_OPERATION: glDrawElements: Framebuffer is incomplete: Attachment has zero size. @ https://azizkhaldi.com/:0
[  236298ms] [WARNING] [.WebGL-0x11404eee400] GL_INVALID_FRAMEBUFFER_OPERATION: glDrawElements: Framebuffer is incomplete: Attachment has zero size. @ https://azizkhaldi.com/:0
[  236299ms] [WARNING] [.WebGL-0x11404eee400] GL_INVALID_FRAMEBUFFER_OPERATION: glDrawElements: Framebuffer is incomplete: Attachment has zero size. @ https://azizkhaldi.com/:0
[  236299ms] [WARNING] [.WebGL-0x11404eee400] GL_INVALID_FRAMEBUFFER_OPERATION: glDrawElements: Framebuffer is incomplete: Attachment has zero size. @ https://azizkhaldi.com/:0
[  236299ms] [WARNING] [.WebGL-0x11404eee400] GL_INVALID_FRAMEBUFFER_OPERATION: glDrawElements: Framebuffer is incomplete: Attachment has zero size. @ https://azizkhaldi.com/:0
[  236299ms] [WARNING] [.WebGL-0x11404eee400] GL_INVALID_FRAMEBUFFER_OPERATION: glDrawElements: Framebuffer is incomplete: Attachment has zero size. @ https://azizkhaldi.com/:0
[  236299ms] [WARNING] [.WebGL-0x11404eee400] GL_INVALID_FRAMEBUFFER_OPERATION: glDrawElements: Framebuffer is incomplete: Attachment has zero size. @ https://azizkhaldi.com/:0
[  236299ms] [WARNING] [.WebGL-0x11404eee400] GL_INVALID_FRAMEBUFFER_OPERATION: glDrawElements: Framebuffer is incomplete: Attachment has zero size. @ https://azizkhaldi.com/:0
[  236299ms] [WARNING] [.WebGL-0x11404eee400] GL_INVALID_FRAMEBUFFER_OPERATION: glDrawElements: Framebuffer is incomplete: Attachment has zero size. @ https://azizkhaldi.com/:0
[  236299ms] [WARNING] [.WebGL-0x11404eee400] GL_INVALID_FRAMEBUFFER_OPERATION: glDrawArrays: Framebuffer is incomplete: Attachment has zero size. @ https://azizkhaldi.com/:0
[  236299ms] [WARNING] [.WebGL-0x11404eee400] GL_INVALID_FRAMEBUFFER_OPERATION: glDrawArrays: Framebuffer is incomplete: Attachment has zero size. @ https://azizkhaldi.com/:0
[  236299ms] [WARNING] [.WebGL-0x11404eee400] GL_INVALID_FRAMEBUFFER_OPERATION: glClear: Framebuffer is incomplete: Attachment has zero size. @ https://azizkhaldi.com/:0
[  236299ms] [WARNING] [.WebGL-0x11404eee400] GL_INVALID_FRAMEBUFFER_OPERATION: glClearBufferfv: Framebuffer is incomplete: Attachment has zero size. @ https://azizkhaldi.com/:0
[  236299ms] [WARNING] [.WebGL-0x11404eee400] GL_INVALID_FRAMEBUFFER_OPERATION: glDrawElements: Framebuffer is incomplete: Attachment has zero size. @ https://azizkhaldi.com/:0
[  236299ms] [WARNING] [.WebGL-0x11404eee400] GL_INVALID_FRAMEBUFFER_OPERATION: glDrawElements: Framebuffer is incomplete: Attachment has zero size. @ https://azizkhaldi.com/:0
[  236299ms] [WARNING] [.WebGL-0x11404eee400] GL_INVALID_FRAMEBUFFER_OPERATION: glDrawElements: Framebuffer is incomplete: Attachment has zero size. @ https://azizkhaldi.com/:0
[  236299ms] [WARNING] [.WebGL-0x11404eee400] GL_INVALID_FRAMEBUFFER_OPERATION: glDrawElements: Framebuffer is incomplete: Attachment has zero size. @ https://azizkhaldi.com/:0
[  236299ms] [WARNING] [.WebGL-0x11404eee400] GL_INVALID_FRAMEBUFFER_OPERATION: glDrawElements: Framebuffer is incomplete: Attachment has zero size. @ https://azizkhaldi.com/:0
[  236299ms] [WARNING] [.WebGL-0x11404eee400] GL_INVALID_FRAMEBUFFER_OPERATION: glDrawElements: Framebuffer is incomplete: Attachment has zero size. @ https://azizkhaldi.com/:0
[  236299ms] [WARNING] [.WebGL-0x11404eee400] GL_INVALID_FRAMEBUFFER_OPERATION: glDrawElements: Framebuffer is incomplete: Attachment has zero size. @ https://azizkhaldi.com/:0
[  236299ms] [WARNING] [.WebGL-0x11404eee400] GL_INVALID_FRAMEBUFFER_OPERATION: glDrawElements: Framebuffer is incomplete: Attachment has zero size. @ https://azizkhaldi.com/:0
[  236299ms] [WARNING] [.WebGL-0x11404eee400] GL_INVALID_FRAMEBUFFER_OPERATION: glDrawElements: Framebuffer is incomplete: Attachment has zero size. @ https://azizkhaldi.com/:0
[  236299ms] [WARNING] [.WebGL-0x11404eee400] GL_INVALID_FRAMEBUFFER_OPERATION: glDrawElements: Framebuffer is incomplete: Attachment has zero size. @ https://azizkhaldi.com/:0
[  236299ms] [WARNING] [.WebGL-0x11404eee400] GL_INVALID_FRAMEBUFFER_OPERATION: glDrawArrays: Framebuffer is incomplete: Attachment has zero size. @ https://azizkhaldi.com/:0
[  236315ms] [WARNING] [.WebGL-0x11404eee400] GL_INVALID_FRAMEBUFFER_OPERATION: glDrawArrays: Framebuffer is incomplete: Attachment has zero size. @ https://azizkhaldi.com/:0
[  236315ms] [WARNING] [.WebGL-0x11404eee400] GL_INVALID_FRAMEBUFFER_OPERATION: glClear: Framebuffer is incomplete: Attachment has zero size. @ https://azizkhaldi.com/:0
[  236315ms] [WARNING] [.WebGL-0x11404eee400] GL_INVALID_FRAMEBUFFER_OPERATION: glClearBufferfv: Framebuffer is incomplete: Attachment has zero size. @ https://azizkhaldi.com/:0
[  236333ms] [WARNING] [.WebGL-0x11404eee400] GL_INVALID_FRAMEBUFFER_OPERATION: glDrawElements: Framebuffer is incomplete: Attachment has zero size. @ https://azizkhaldi.com/:0
[  236333ms] [WARNING] [.WebGL-0x11404eee400] GL_INVALID_FRAMEBUFFER_OPERATION: glDrawElements: Framebuffer is incomplete: Attachment has zero size. @ https://azizkhaldi.com/:0
[  236333ms] [WARNING] [.WebGL-0x11404eee400] GL_INVALID_FRAMEBUFFER_OPERATION: glDrawElements: Framebuffer is incomplete: Attachment has zero size. @ https://azizkhaldi.com/:0
[  236333ms] [WARNING] [.WebGL-0x11404eee400] GL_INVALID_FRAMEBUFFER_OPERATION: glDrawElements: Framebuffer is incomplete: Attachment has zero size. @ https://azizkhaldi.com/:0
[  236333ms] [WARNING] [.WebGL-0x11404eee400] GL_INVALID_FRAMEBUFFER_OPERATION: glDrawElements: Framebuffer is incomplete: Attachment has zero size. @ https://azizkhaldi.com/:0
[  236333ms] [WARNING] [.WebGL-0x11404eee400] GL_INVALID_FRAMEBUFFER_OPERATION: glDrawElements: Framebuffer is incomplete: Attachment has zero size. @ https://azizkhaldi.com/:0
[  236333ms] [WARNING] [.WebGL-0x11404eee400] GL_INVALID_FRAMEBUFFER_OPERATION: glDrawElements: Framebuffer is incomplete: Attachment has zero size. @ https://azizkhaldi.com/:0
[  236333ms] [WARNING] [.WebGL-0x11404eee400] GL_INVALID_FRAMEBUFFER_OPERATION: glDrawElements: Framebuffer is incomplete: Attachment has zero size. @ https://azizkhaldi.com/:0
[  236333ms] [WARNING] [.WebGL-0x11404eee400] GL_INVALID_FRAMEBUFFER_OPERATION: glDrawElements: Framebuffer is incomplete: Attachment has zero size. @ https://azizkhaldi.com/:0
[  236333ms] [WARNING] [.WebGL-0x11404eee400] GL_INVALID_FRAMEBUFFER_OPERATION: glDrawElements: Framebuffer is incomplete: Attachment has zero size. @ https://azizkhaldi.com/:0
[  236333ms] [WARNING] [.WebGL-0x11404eee400] GL_INVALID_FRAMEBUFFER_OPERATION: glDrawArrays: Framebuffer is incomplete: Attachment has zero size. @ https://azizkhaldi.com/:0
[  236333ms] [WARNING] [.WebGL-0x11404eee400] GL_INVALID_FRAMEBUFFER_OPERATION: glDrawArrays: Framebuffer is incomplete: Attachment has zero size. @ https://azizkhaldi.com/:0
[  236333ms] [WARNING] [.WebGL-0x11404eee400] GL_INVALID_FRAMEBUFFER_OPERATION: glClear: Framebuffer is incomplete: Attachment has zero size. @ https://azizkhaldi.com/:0
[  236333ms] [WARNING] [.WebGL-0x11404eee400] GL_INVALID_FRAMEBUFFER_OPERATION: glClearBufferfv: Framebuffer is incomplete: Attachment has zero size. @ https://azizkhaldi.com/:0
[  236349ms] [WARNING] [.WebGL-0x11404eee400] GL_INVALID_FRAMEBUFFER_OPERATION: glDrawElements: Framebuffer is incomplete: Attachment has zero size. @ https://azizkhaldi.com/:0
[  236349ms] [WARNING] [.WebGL-0x11404eee400] GL_INVALID_FRAMEBUFFER_OPERATION: glDrawElements: Framebuffer is incomplete: Attachment has zero size. @ https://azizkhaldi.com/:0
[  236349ms] [WARNING] [.WebGL-0x11404eee400] GL_INVALID_FRAMEBUFFER_OPERATION: glDrawElements: Framebuffer is incomplete: Attachment has zero size. @ https://azizkhaldi.com/:0
[  236349ms] [WARNING] [.WebGL-0x11404eee400] GL_INVALID_FRAMEBUFFER_OPERATION: glDrawElements: Framebuffer is incomplete: Attachment has zero size. @ https://azizkhaldi.com/:0
[  236349ms] [WARNING] [.WebGL-0x11404eee400] GL_INVALID_FRAMEBUFFER_OPERATION: glDrawElements: Framebuffer is incomplete: Attachment has zero size. @ https://azizkhaldi.com/:0
[  236349ms] [WARNING] [.WebGL-0x11404eee400] GL_INVALID_FRAMEBUFFER_OPERATION: glDrawElements: Framebuffer is incomplete: Attachment has zero size. @ https://azizkhaldi.com/:0
[  236349ms] [WARNING] [.WebGL-0x11404eee400] GL_INVALID_FRAMEBUFFER_OPERATION: glDrawElements: Framebuffer is incomplete: Attachment has zero size. @ https://azizkhaldi.com/:0
[  236349ms] [WARNING] [.WebGL-0x11404eee400] GL_INVALID_FRAMEBUFFER_OPERATION: glDrawElements: Framebuffer is incomplete: Attachment has zero size. @ https://azizkhaldi.com/:0
[  236349ms] [WARNING] [.WebGL-0x11404eee400] GL_INVALID_FRAMEBUFFER_OPERATION: glDrawElements: Framebuffer is incomplete: Attachment has zero size. @ https://azizkhaldi.com/:0
[  236349ms] [WARNING] [.WebGL-0x11404eee400] GL_INVALID_FRAMEBUFFER_OPERATION: glDrawElements: Framebuffer is incomplete: Attachment has zero size. @ https://azizkhaldi.com/:0
[  236349ms] [WARNING] [.WebGL-0x11404eee400] GL_INVALID_FRAMEBUFFER_OPERATION: glDrawArrays: Framebuffer is incomplete: Attachment has zero size. @ https://azizkhaldi.com/:0
[  236349ms] [WARNING] [.WebGL-0x11404eee400] GL_INVALID_FRAMEBUFFER_OPERATION: glDrawArrays: Framebuffer is incomplete: Attachment has zero size. @ https://azizkhaldi.com/:0
[  236349ms] [WARNING] [.WebGL-0x11404eee400] GL_INVALID_FRAMEBUFFER_OPERATION: glClear: Framebuffer is incomplete: Attachment has zero size. @ https://azizkhaldi.com/:0
[  236349ms] [WARNING] [.WebGL-0x11404eee400] GL_INVALID_FRAMEBUFFER_OPERATION: glClearBufferfv: Framebuffer is incomplete: Attachment has zero size. @ https://azizkhaldi.com/:0
[  236365ms] [WARNING] [.WebGL-0x11404eee400] GL_INVALID_FRAMEBUFFER_OPERATION: glDrawElements: Framebuffer is incomplete: Attachment has zero size. @ https://azizkhaldi.com/:0
[  236365ms] [WARNING] [.WebGL-0x11404eee400] GL_INVALID_FRAMEBUFFER_OPERATION: glDrawElements: Framebuffer is incomplete: Attachment has zero size. @ https://azizkhaldi.com/:0
[  236365ms] [WARNING] [.WebGL-0x11404eee400] GL_INVALID_FRAMEBUFFER_OPERATION: glDrawElements: Framebuffer is incomplete: Attachment has zero size. @ https://azizkhaldi.com/:0
[  236365ms] [WARNING] [.WebGL-0x11404eee400] GL_INVALID_FRAMEBUFFER_OPERATION: glDrawElements: Framebuffer is incomplete: Attachment has zero size. @ https://azizkhaldi.com/:0
[  236365ms] [WARNING] [.WebGL-0x11404eee400] GL_INVALID_FRAMEBUFFER_OPERATION: glDrawElements: Framebuffer is incomplete: Attachment has zero size. @ https://azizkhaldi.com/:0
[  236365ms] [WARNING] [.WebGL-0x11404eee400] GL_INVALID_FRAMEBUFFER_OPERATION: glDrawElements: Framebuffer is incomplete: Attachment has zero size. @ https://azizkhaldi.com/:0
[  236365ms] [WARNING] [.WebGL-0x11404eee400] GL_INVALID_FRAMEBUFFER_OPERATION: glDrawElements: Framebuffer is incomplete: Attachment has zero size. @ https://azizkhaldi.com/:0
[  236365ms] [WARNING] [.WebGL-0x11404eee400] GL_INVALID_FRAMEBUFFER_OPERATION: glDrawElements: Framebuffer is incomplete: Attachment has zero size. @ https://azizkhaldi.com/:0
[  236366ms] [WARNING] [.WebGL-0x11404eee400] GL_INVALID_FRAMEBUFFER_OPERATION: glDrawElements: Framebuffer is incomplete: Attachment has zero size. @ https://azizkhaldi.com/:0
[  236366ms] [WARNING] [.WebGL-0x11404eee400] GL_INVALID_FRAMEBUFFER_OPERATION: glDrawElements: Framebuffer is incomplete: Attachment has zero size. @ https://azizkhaldi.com/:0
[  236366ms] [WARNING] [.WebGL-0x11404eee400] GL_INVALID_FRAMEBUFFER_OPERATION: glDrawArrays: Framebuffer is incomplete: Attachment has zero size. @ https://azizkhaldi.com/:0
[  236366ms] [WARNING] [.WebGL-0x11404eee400] GL_INVALID_FRAMEBUFFER_OPERATION: glDrawArrays: Framebuffer is incomplete: Attachment has zero size. @ https://azizkhaldi.com/:0
[  236366ms] [WARNING] [.WebGL-0x11404eee400] GL_INVALID_FRAMEBUFFER_OPERATION: glClear: Framebuffer is incomplete: Attachment has zero size. @ https://azizkhaldi.com/:0
[  236366ms] [WARNING] [.WebGL-0x11404eee400] GL_INVALID_FRAMEBUFFER_OPERATION: glClearBufferfv: Framebuffer is incomplete: Attachment has zero size. @ https://azizkhaldi.com/:0
[  236382ms] [WARNING] [.WebGL-0x11404eee400] GL_INVALID_FRAMEBUFFER_OPERATION: glDrawElements: Framebuffer is incomplete: Attachment has zero size. @ https://azizkhaldi.com/:0
[  236382ms] [WARNING] WebGL: too many errors, no more errors will be reported to the console for this context. @ https://azizkhaldi.com/:0
