[     686ms] [INFO] %cDownload the React DevTools for a better development experience: https://react.dev/link/react-devtools font-weight:bold @ http://localhost:3000/_next/static/chunks/node_modules_next_dist_115brz8._.js:2477
[     727ms] [LOG] [HMR] connected @ http://localhost:3000/_next/static/chunks/node_modules_next_dist_115brz8._.js:2477
[     956ms] [WARNING] Image with src "/assetshelo/helomascot/Helo.png" has "fill" but is missing "sizes" prop. Please add it to improve page performance. Read more: https://nextjs.org/docs/api-reference/next/image#sizes @ http://localhost:3000/_next/static/chunks/node_modules_next_dist_115brz8._.js:2477
[    8621ms] [LOG] [Fast Refresh] rebuilding @ http://localhost:3000/_next/static/chunks/node_modules_next_dist_115brz8._.js:2477
[    8631ms] [LOG] [Fast Refresh] done in 112ms @ http://localhost:3000/_next/static/chunks/node_modules_next_dist_115brz8._.js:2477
[   14232ms] [LOG] [Fast Refresh] rebuilding @ http://localhost:3000/_next/static/chunks/node_modules_next_dist_115brz8._.js:2477
[   14340ms] [LOG] [Fast Refresh] done in 210ms @ http://localhost:3000/_next/static/chunks/node_modules_next_dist_115brz8._.js:2477
[   30044ms] [ERROR] Failed to load resource: the server responded with a status of 404 (Not Found) @ http://localhost:3000/projects/app-showcase/screen-01.jpg:0
[   62052ms] [ERROR] Failed to load resource: the server responded with a status of 404 (Not Found) @ http://localhost:3000/projects/app-showcase/watch-01.jpg:0
[   71423ms] [LOG] [Fast Refresh] rebuilding @ http://localhost:3000/_next/static/chunks/node_modules_next_dist_115brz8._.js:2477
[   71450ms] [LOG] [Fast Refresh] done in 128ms @ http://localhost:3000/_next/static/chunks/node_modules_next_dist_115brz8._.js:2477
[   77755ms] [LOG] [Fast Refresh] rebuilding @ http://localhost:3000/_next/static/chunks/node_modules_next_dist_115brz8._.js:2477
[   77794ms] [LOG] [Fast Refresh] done in 140ms @ http://localhost:3000/_next/static/chunks/node_modules_next_dist_115brz8._.js:2477
[  797669ms] [WARNING] Image with src "/assetshelo/Nascar/ZaneSmith/TL_01108-2.jpg" is using quality "88" which is not configured in images.qualities [75]. Please update your config to [75, 88].
Read more: https://nextjs.org/docs/messages/next-image-unconfigured-qualities @ http://localhost:3000/_next/static/chunks/node_modules_next_dist_115brz8._.js:2477
[  797679ms] [WARNING] Image with src "/assetshelo/Nascar/Logos/gigFastInternet.png" is using quality "92" which is not configured in images.qualities [75]. Please update your config to [75, 92].
Read more: https://nextjs.org/docs/messages/next-image-unconfigured-qualities @ http://localhost:3000/_next/static/chunks/node_modules_next_dist_115brz8._.js:2477
[  797686ms] [WARNING] Image with src "/assetshelo/Nascar/Logos/RTALogo.png" is using quality "92" which is not configured in images.qualities [75]. Please update your config to [75, 92].
Read more: https://nextjs.org/docs/messages/next-image-unconfigured-qualities @ http://localhost:3000/_next/static/chunks/node_modules_next_dist_115brz8._.js:2477
[  797691ms] [WARNING] Image with src "/assetshelo/Nascar/Logos/rtatelcom.png" is using quality "92" which is not configured in images.qualities [75]. Please update your config to [75, 92].
Read more: https://nextjs.org/docs/messages/next-image-unconfigured-qualities @ http://localhost:3000/_next/static/chunks/node_modules_next_dist_115brz8._.js:2477
[  797695ms] [WARNING] Image with src "/assetshelo/Nascar/ZaneSmith/2328TP1264.jpg" is using quality "86" which is not configured in images.qualities [75]. Please update your config to [75, 86].
Read more: https://nextjs.org/docs/messages/next-image-unconfigured-qualities @ http://localhost:3000/_next/static/chunks/node_modules_next_dist_115brz8._.js:2477
[  797702ms] [WARNING] Image with src "/assetshelo/Nascar/ZaneSmith/2313CO1085.jpg" is using quality "85" which is not configured in images.qualities [75]. Please update your config to [75, 85].
Read more: https://nextjs.org/docs/messages/next-image-unconfigured-qualities @ http://localhost:3000/_next/static/chunks/node_modules_next_dist_115brz8._.js:2477
[  797704ms] [WARNING] Image with src "/assetshelo/Nascar/ZaneSmith/2313DG2120.jpg" is using quality "85" which is not configured in images.qualities [75]. Please update your config to [75, 85].
Read more: https://nextjs.org/docs/messages/next-image-unconfigured-qualities @ http://localhost:3000/_next/static/chunks/node_modules_next_dist_115brz8._.js:2477
[  797710ms] [WARNING] Image with src "/assetshelo/Nascar/ZaneSmith/2328TP1318.jpg" is using quality "86" which is not configured in images.qualities [75]. Please update your config to [75, 86].
Read more: https://nextjs.org/docs/messages/next-image-unconfigured-qualities @ http://localhost:3000/_next/static/chunks/node_modules_next_dist_115brz8._.js:2477
[  797711ms] [WARNING] Image with src "/assetshelo/Nascar/Logos/gigometer.png" is using quality "92" which is not configured in images.qualities [75]. Please update your config to [75, 92].
Read more: https://nextjs.org/docs/messages/next-image-unconfigured-qualities @ http://localhost:3000/_next/static/chunks/node_modules_next_dist_115brz8._.js:2477
[  797723ms] [WARNING] Image with src "/assetshelo/Nascar/ZaneSmith/TL_01178-2.jpg" is using quality "85" which is not configured in images.qualities [75]. Please update your config to [75, 85].
Read more: https://nextjs.org/docs/messages/next-image-unconfigured-qualities @ http://localhost:3000/_next/static/chunks/node_modules_next_dist_115brz8._.js:2477
[  797725ms] [WARNING] Image with src "/assetshelo/Nascar/ZaneSmith/DSC06043.jpg" is using quality "85" which is not configured in images.qualities [75]. Please update your config to [75, 85].
Read more: https://nextjs.org/docs/messages/next-image-unconfigured-qualities @ http://localhost:3000/_next/static/chunks/node_modules_next_dist_115brz8._.js:2477
[  797727ms] [WARNING] Image with src "/assetshelo/Nascar/ZaneSmith/2215HH1758.jpg" is using quality "85" which is not configured in images.qualities [75]. Please update your config to [75, 85].
Read more: https://nextjs.org/docs/messages/next-image-unconfigured-qualities @ http://localhost:3000/_next/static/chunks/node_modules_next_dist_115brz8._.js:2477
[  797730ms] [WARNING] Image with src "/assetshelo/Nascar/ZaneSmith/IMG_7925.jpeg" is using quality "85" which is not configured in images.qualities [75]. Please update your config to [75, 85].
Read more: https://nextjs.org/docs/messages/next-image-unconfigured-qualities @ http://localhost:3000/_next/static/chunks/node_modules_next_dist_115brz8._.js:2477
[  797737ms] [WARNING] Image with src "/assetshelo/Nascar/ZaneSmith/2313CO1018.jpg" is using quality "80" which is not configured in images.qualities [75]. Please update your config to [75, 80].
Read more: https://nextjs.org/docs/messages/next-image-unconfigured-qualities @ http://localhost:3000/_next/static/chunks/node_modules_next_dist_115brz8._.js:2477
[  797739ms] [WARNING] Image with src "/assetshelo/Nascar/ZaneSmith/2313DG1291.jpg" is using quality "80" which is not configured in images.qualities [75]. Please update your config to [75, 80].
Read more: https://nextjs.org/docs/messages/next-image-unconfigured-qualities @ http://localhost:3000/_next/static/chunks/node_modules_next_dist_115brz8._.js:2477
[  797745ms] [WARNING] Image with src "/assetshelo/Nascar/ZaneSmith/2328JN1808.jpg" is using quality "80" which is not configured in images.qualities [75]. Please update your config to [75, 80].
Read more: https://nextjs.org/docs/messages/next-image-unconfigured-qualities @ http://localhost:3000/_next/static/chunks/node_modules_next_dist_115brz8._.js:2477
[  797748ms] [WARNING] Image with src "/assetshelo/Nascar/ZaneSmith/2328JN1547.jpg" is using quality "80" which is not configured in images.qualities [75]. Please update your config to [75, 80].
Read more: https://nextjs.org/docs/messages/next-image-unconfigured-qualities @ http://localhost:3000/_next/static/chunks/node_modules_next_dist_115brz8._.js:2477
[  797754ms] [WARNING] Image with src "/assetshelo/Nascar/ZaneSmith/2328TP1474.jpg" is using quality "80" which is not configured in images.qualities [75]. Please update your config to [75, 80].
Read more: https://nextjs.org/docs/messages/next-image-unconfigured-qualities @ http://localhost:3000/_next/static/chunks/node_modules_next_dist_115brz8._.js:2477
[  797760ms] [WARNING] Image with src "/assetshelo/Nascar/ZaneSmith/thumb_IMG_9039.jpg" is using quality "80" which is not configured in images.qualities [75]. Please update your config to [75, 80].
Read more: https://nextjs.org/docs/messages/next-image-unconfigured-qualities @ http://localhost:3000/_next/static/chunks/node_modules_next_dist_115brz8._.js:2477
[  797762ms] [WARNING] Image with src "/assetshelo/Nascar/ZaneSmith/thumb_IMG_9044.jpg" is using quality "80" which is not configured in images.qualities [75]. Please update your config to [75, 80].
Read more: https://nextjs.org/docs/messages/next-image-unconfigured-qualities @ http://localhost:3000/_next/static/chunks/node_modules_next_dist_115brz8._.js:2477
[  797769ms] [WARNING] Image with src "/assetshelo/Nascar/ZaneSmith/thumb_IMG_8994.jpg" is using quality "80" which is not configured in images.qualities [75]. Please update your config to [75, 80].
Read more: https://nextjs.org/docs/messages/next-image-unconfigured-qualities @ http://localhost:3000/_next/static/chunks/node_modules_next_dist_115brz8._.js:2477
