[    3998ms] [INFO] %cDownload the React DevTools for a better development experience: https://react.dev/link/react-devtools font-weight:bold @ http://localhost:3000/_next/static/chunks/node_modules_next_dist_115brz8._.js:2477
[    4092ms] [LOG] [HMR] connected @ http://localhost:3000/_next/static/chunks/node_modules_next_dist_115brz8._.js:2477
[   11707ms] [LOG] [Fast Refresh] rebuilding @ http://localhost:3000/_next/static/chunks/node_modules_next_dist_115brz8._.js:2477
[   11811ms] [LOG] [Fast Refresh] done in 206ms @ http://localhost:3000/_next/static/chunks/node_modules_next_dist_115brz8._.js:2477
[   12448ms] [LOG] [Fast Refresh] rebuilding @ http://localhost:3000/_next/static/chunks/node_modules_next_dist_115brz8._.js:2477
[   12527ms] [LOG] [Fast Refresh] done in 180ms @ http://localhost:3000/_next/static/chunks/node_modules_next_dist_115brz8._.js:2477
[   12608ms] [ERROR] Failed to load resource: the server responded with a status of 404 (Not Found) @ http://localhost:3000/projects/app-showcase/screen-01.jpg:0
[   13478ms] [ERROR] Failed to load resource: the server responded with a status of 404 (Not Found) @ http://localhost:3000/projects/app-showcase/watch-01.jpg:0
[   20200ms] [WARNING] Image with src "/assetshelo/helomascot/Helo.png" has "fill" but is missing "sizes" prop. Please add it to improve page performance. Read more: https://nextjs.org/docs/api-reference/next/image#sizes @ http://localhost:3000/_next/static/chunks/node_modules_next_dist_115brz8._.js:2477
[   41543ms] [LOG] [Fast Refresh] rebuilding @ http://localhost:3000/_next/static/chunks/node_modules_next_dist_115brz8._.js:2477
[   41647ms] [LOG] [Fast Refresh] done in 206ms @ http://localhost:3000/_next/static/chunks/node_modules_next_dist_115brz8._.js:2477
[   71327ms] [LOG] [Fast Refresh] rebuilding @ http://localhost:3000/_next/static/chunks/node_modules_next_dist_115brz8._.js:2477
[   71370ms] [LOG] [Fast Refresh] done in 142ms @ http://localhost:3000/_next/static/chunks/node_modules_next_dist_115brz8._.js:2477
[   71549ms] [WARNING] Image with src "/assetshelo/Nascar/ZaneSmith/TL_01108-2.jpg" is using quality "88" which is not configured in images.qualities [75]. Please update your config to [75, 88].
Read more: https://nextjs.org/docs/messages/next-image-unconfigured-qualities @ http://localhost:3000/_next/static/chunks/node_modules_next_dist_115brz8._.js:2477
[   71573ms] [WARNING] Image with src "/assetshelo/Nascar/Logos/gigFastInternet.png" is using quality "92" which is not configured in images.qualities [75]. Please update your config to [75, 92].
Read more: https://nextjs.org/docs/messages/next-image-unconfigured-qualities @ http://localhost:3000/_next/static/chunks/node_modules_next_dist_115brz8._.js:2477
[   71576ms] [LOG] [Fast Refresh] rebuilding @ http://localhost:3000/_next/static/chunks/node_modules_next_dist_115brz8._.js:2477
[   71581ms] [WARNING] Image with src "/assetshelo/Nascar/Logos/RTALogo.png" is using quality "92" which is not configured in images.qualities [75]. Please update your config to [75, 92].
Read more: https://nextjs.org/docs/messages/next-image-unconfigured-qualities @ http://localhost:3000/_next/static/chunks/node_modules_next_dist_115brz8._.js:2477
[   71583ms] [WARNING] Image with src "/assetshelo/Nascar/Logos/rtatelcom.png" is using quality "92" which is not configured in images.qualities [75]. Please update your config to [75, 92].
Read more: https://nextjs.org/docs/messages/next-image-unconfigured-qualities @ http://localhost:3000/_next/static/chunks/node_modules_next_dist_115brz8._.js:2477
[   71598ms] [WARNING] Image with src "/assetshelo/Nascar/ZaneSmith/2328TP1264.jpg" is using quality "86" which is not configured in images.qualities [75]. Please update your config to [75, 86].
Read more: https://nextjs.org/docs/messages/next-image-unconfigured-qualities @ http://localhost:3000/_next/static/chunks/node_modules_next_dist_115brz8._.js:2477
[   71609ms] [WARNING] Image with src "/assetshelo/Nascar/ZaneSmith/2313CO1085.jpg" is using quality "85" which is not configured in images.qualities [75]. Please update your config to [75, 85].
Read more: https://nextjs.org/docs/messages/next-image-unconfigured-qualities @ http://localhost:3000/_next/static/chunks/node_modules_next_dist_115brz8._.js:2477
[   71615ms] [WARNING] Image with src "/assetshelo/Nascar/ZaneSmith/2313DG2120.jpg" is using quality "85" which is not configured in images.qualities [75]. Please update your config to [75, 85].
Read more: https://nextjs.org/docs/messages/next-image-unconfigured-qualities @ http://localhost:3000/_next/static/chunks/node_modules_next_dist_115brz8._.js:2477
[   71619ms] [LOG] [Fast Refresh] done in 159ms @ http://localhost:3000/_next/static/chunks/node_modules_next_dist_115brz8._.js:2477
[   71623ms] [WARNING] Image with src "/assetshelo/Nascar/ZaneSmith/2328TP1318.jpg" is using quality "86" which is not configured in images.qualities [75]. Please update your config to [75, 86].
Read more: https://nextjs.org/docs/messages/next-image-unconfigured-qualities @ http://localhost:3000/_next/static/chunks/node_modules_next_dist_115brz8._.js:2477
[   71647ms] [WARNING] Image with src "/assetshelo/Nascar/Logos/gigometer.png" is using quality "92" which is not configured in images.qualities [75]. Please update your config to [75, 92].
Read more: https://nextjs.org/docs/messages/next-image-unconfigured-qualities @ http://localhost:3000/_next/static/chunks/node_modules_next_dist_115brz8._.js:2477
[   71682ms] [WARNING] Image with src "/assetshelo/Nascar/ZaneSmith/TL_01178-2.jpg" is using quality "85" which is not configured in images.qualities [75]. Please update your config to [75, 85].
Read more: https://nextjs.org/docs/messages/next-image-unconfigured-qualities @ http://localhost:3000/_next/static/chunks/node_modules_next_dist_115brz8._.js:2477
[   71692ms] [WARNING] Image with src "/assetshelo/Nascar/ZaneSmith/DSC06043.jpg" is using quality "85" which is not configured in images.qualities [75]. Please update your config to [75, 85].
Read more: https://nextjs.org/docs/messages/next-image-unconfigured-qualities @ http://localhost:3000/_next/static/chunks/node_modules_next_dist_115brz8._.js:2477
[   71696ms] [WARNING] Image with src "/assetshelo/Nascar/ZaneSmith/2215HH1758.jpg" is using quality "85" which is not configured in images.qualities [75]. Please update your config to [75, 85].
Read more: https://nextjs.org/docs/messages/next-image-unconfigured-qualities @ http://localhost:3000/_next/static/chunks/node_modules_next_dist_115brz8._.js:2477
[   71702ms] [WARNING] Image with src "/assetshelo/Nascar/ZaneSmith/IMG_7925.jpeg" is using quality "85" which is not configured in images.qualities [75]. Please update your config to [75, 85].
Read more: https://nextjs.org/docs/messages/next-image-unconfigured-qualities @ http://localhost:3000/_next/static/chunks/node_modules_next_dist_115brz8._.js:2477
[   71705ms] [WARNING] Image with src "/assetshelo/Nascar/ZaneSmith/2313CO1018.jpg" is using quality "80" which is not configured in images.qualities [75]. Please update your config to [75, 80].
Read more: https://nextjs.org/docs/messages/next-image-unconfigured-qualities @ http://localhost:3000/_next/static/chunks/node_modules_next_dist_115brz8._.js:2477
[   71712ms] [WARNING] Image with src "/assetshelo/Nascar/ZaneSmith/2313DG1291.jpg" is using quality "80" which is not configured in images.qualities [75]. Please update your config to [75, 80].
Read more: https://nextjs.org/docs/messages/next-image-unconfigured-qualities @ http://localhost:3000/_next/static/chunks/node_modules_next_dist_115brz8._.js:2477
[   71714ms] [WARNING] Image with src "/assetshelo/Nascar/ZaneSmith/2328JN1808.jpg" is using quality "80" which is not configured in images.qualities [75]. Please update your config to [75, 80].
Read more: https://nextjs.org/docs/messages/next-image-unconfigured-qualities @ http://localhost:3000/_next/static/chunks/node_modules_next_dist_115brz8._.js:2477
[   71718ms] [WARNING] Image with src "/assetshelo/Nascar/ZaneSmith/2328JN1547.jpg" is using quality "80" which is not configured in images.qualities [75]. Please update your config to [75, 80].
Read more: https://nextjs.org/docs/messages/next-image-unconfigured-qualities @ http://localhost:3000/_next/static/chunks/node_modules_next_dist_115brz8._.js:2477
[   71725ms] [WARNING] Image with src "/assetshelo/Nascar/ZaneSmith/2328TP1474.jpg" is using quality "80" which is not configured in images.qualities [75]. Please update your config to [75, 80].
Read more: https://nextjs.org/docs/messages/next-image-unconfigured-qualities @ http://localhost:3000/_next/static/chunks/node_modules_next_dist_115brz8._.js:2477
[   71732ms] [WARNING] Image with src "/assetshelo/Nascar/ZaneSmith/thumb_IMG_9039.jpg" is using quality "80" which is not configured in images.qualities [75]. Please update your config to [75, 80].
Read more: https://nextjs.org/docs/messages/next-image-unconfigured-qualities @ http://localhost:3000/_next/static/chunks/node_modules_next_dist_115brz8._.js:2477
[   71750ms] [WARNING] Image with src "/assetshelo/Nascar/ZaneSmith/thumb_IMG_9044.jpg" is using quality "80" which is not configured in images.qualities [75]. Please update your config to [75, 80].
Read more: https://nextjs.org/docs/messages/next-image-unconfigured-qualities @ http://localhost:3000/_next/static/chunks/node_modules_next_dist_115brz8._.js:2477
[   71755ms] [WARNING] Image with src "/assetshelo/Nascar/ZaneSmith/thumb_IMG_8994.jpg" is using quality "80" which is not configured in images.qualities [75]. Please update your config to [75, 80].
Read more: https://nextjs.org/docs/messages/next-image-unconfigured-qualities @ http://localhost:3000/_next/static/chunks/node_modules_next_dist_115brz8._.js:2477
[   75055ms] [WARNING] Image with src "/assetshelo/Nascar/ZaneSmith/2328TP1264.jpg" has "fill" and a height value of 0. This is likely because the parent element of the image has not been styled to have a set height. @ http://localhost:3000/_next/static/chunks/node_modules_next_dist_115brz8._.js:2477
[   76070ms] [WARNING] Image with src "/assetshelo/Nascar/ZaneSmith/2313CO1085.jpg" has "fill" and a height value of 0. This is likely because the parent element of the image has not been styled to have a set height. @ http://localhost:3000/_next/static/chunks/node_modules_next_dist_115brz8._.js:2477
[   76117ms] [WARNING] Image with src "/assetshelo/Nascar/ZaneSmith/2313DG2120.jpg" has "fill" and a height value of 0. This is likely because the parent element of the image has not been styled to have a set height. @ http://localhost:3000/_next/static/chunks/node_modules_next_dist_115brz8._.js:2477
[   78425ms] [WARNING] Image with src "/assetshelo/Nascar/ZaneSmith/2328TP1318.jpg" has "fill" and a height value of 0. This is likely because the parent element of the image has not been styled to have a set height. @ http://localhost:3000/_next/static/chunks/node_modules_next_dist_115brz8._.js:2477
[   78442ms] [WARNING] Image with src "/assetshelo/Nascar/Logos/gigometer.png" has "fill" and a height value of 0. This is likely because the parent element of the image has not been styled to have a set height. @ http://localhost:3000/_next/static/chunks/node_modules_next_dist_115brz8._.js:2477
