[    2766ms] Error: Minified React error #425; visit https://reactjs.org/docs/error-decoder.html?invariant=425 for the full message or use the non-minified dev environment for full errors and additional helpful warnings.
    at rh (https://azizkhaldi.com/_next/static/chunks/framework-ecc4130bc7a58a64.js:9:40161)
    at https://azizkhaldi.com/_next/static/chunks/framework-ecc4130bc7a58a64.js:9:100620
    at oD (https://azizkhaldi.com/_next/static/chunks/framework-ecc4130bc7a58a64.js:9:106131)
    at oO (https://azizkhaldi.com/_next/static/chunks/framework-ecc4130bc7a58a64.js:9:99079)
    at https://azizkhaldi.com/_next/static/chunks/framework-ecc4130bc7a58a64.js:9:98886
    at oF (https://azizkhaldi.com/_next/static/chunks/framework-ecc4130bc7a58a64.js:9:98893)
    at oS (https://azizkhaldi.com/_next/static/chunks/framework-ecc4130bc7a58a64.js:9:93932)
    at x (https://azizkhaldi.com/_next/static/chunks/framework-ecc4130bc7a58a64.js:33:1364)
    at MessagePort.T (https://azizkhaldi.com/_next/static/chunks/framework-ecc4130bc7a58a64.js:33:1894)
[    2769ms] Error: Minified React error #418; visit https://reactjs.org/docs/error-decoder.html?invariant=418 for the full message or use the non-minified dev environment for full errors and additional helpful warnings.
    at lg (https://azizkhaldi.com/_next/static/chunks/framework-ecc4130bc7a58a64.js:9:46457)
    at i (https://azizkhaldi.com/_next/static/chunks/framework-ecc4130bc7a58a64.js:9:121052)
    at oO (https://azizkhaldi.com/_next/static/chunks/framework-ecc4130bc7a58a64.js:9:99019)
    at https://azizkhaldi.com/_next/static/chunks/framework-ecc4130bc7a58a64.js:9:98886
    at oF (https://azizkhaldi.com/_next/static/chunks/framework-ecc4130bc7a58a64.js:9:98893)
    at oS (https://azizkhaldi.com/_next/static/chunks/framework-ecc4130bc7a58a64.js:9:93932)
    at x (https://azizkhaldi.com/_next/static/chunks/framework-ecc4130bc7a58a64.js:33:1364)
    at MessagePort.T (https://azizkhaldi.com/_next/static/chunks/framework-ecc4130bc7a58a64.js:33:1894)
[    2769ms] Error: Minified React error #418; visit https://reactjs.org/docs/error-decoder.html?invariant=418 for the full message or use the non-minified dev environment for full errors and additional helpful warnings.
    at lg (https://azizkhaldi.com/_next/static/chunks/framework-ecc4130bc7a58a64.js:9:46457)
    at i (https://azizkhaldi.com/_next/static/chunks/framework-ecc4130bc7a58a64.js:9:121052)
    at oO (https://azizkhaldi.com/_next/static/chunks/framework-ecc4130bc7a58a64.js:9:99019)
    at https://azizkhaldi.com/_next/static/chunks/framework-ecc4130bc7a58a64.js:9:98886
    at oF (https://azizkhaldi.com/_next/static/chunks/framework-ecc4130bc7a58a64.js:9:98893)
    at oS (https://azizkhaldi.com/_next/static/chunks/framework-ecc4130bc7a58a64.js:9:93932)
    at x (https://azizkhaldi.com/_next/static/chunks/framework-ecc4130bc7a58a64.js:33:1364)
    at MessagePort.T (https://azizkhaldi.com/_next/static/chunks/framework-ecc4130bc7a58a64.js:33:1894)
[    2769ms] Error: Minified React error #418; visit https://reactjs.org/docs/error-decoder.html?invariant=418 for the full message or use the non-minified dev environment for full errors and additional helpful warnings.
    at lg (https://azizkhaldi.com/_next/static/chunks/framework-ecc4130bc7a58a64.js:9:46457)
    at i (https://azizkhaldi.com/_next/static/chunks/framework-ecc4130bc7a58a64.js:9:121052)
    at oO (https://azizkhaldi.com/_next/static/chunks/framework-ecc4130bc7a58a64.js:9:99019)
    at https://azizkhaldi.com/_next/static/chunks/framework-ecc4130bc7a58a64.js:9:98886
    at oF (https://azizkhaldi.com/_next/static/chunks/framework-ecc4130bc7a58a64.js:9:98893)
    at oS (https://azizkhaldi.com/_next/static/chunks/framework-ecc4130bc7a58a64.js:9:93932)
    at x (https://azizkhaldi.com/_next/static/chunks/framework-ecc4130bc7a58a64.js:33:1364)
    at MessagePort.T (https://azizkhaldi.com/_next/static/chunks/framework-ecc4130bc7a58a64.js:33:1894)
[    2769ms] Error: Minified React error #423; visit https://reactjs.org/docs/error-decoder.html?invariant=423 for the full message or use the non-minified dev environment for full errors and additional helpful warnings.
    at i (https://azizkhaldi.com/_next/static/chunks/framework-ecc4130bc7a58a64.js:9:120721)
    at oO (https://azizkhaldi.com/_next/static/chunks/framework-ecc4130bc7a58a64.js:9:99019)
    at https://azizkhaldi.com/_next/static/chunks/framework-ecc4130bc7a58a64.js:9:98886
    at oF (https://azizkhaldi.com/_next/static/chunks/framework-ecc4130bc7a58a64.js:9:98893)
    at ox (https://azizkhaldi.com/_next/static/chunks/framework-ecc4130bc7a58a64.js:9:95645)
    at oS (https://azizkhaldi.com/_next/static/chunks/framework-ecc4130bc7a58a64.js:9:94200)
    at x (https://azizkhaldi.com/_next/static/chunks/framework-ecc4130bc7a58a64.js:33:1364)
    at MessagePort.T (https://azizkhaldi.com/_next/static/chunks/framework-ecc4130bc7a58a64.js:33:1894)
[    4531ms] [WARNING] updating from  119 to  120 @ https://azizkhaldi.com/_next/static/chunks/58a3678d-05679c921dc6d218.js:3138
[  367342ms] [WARNING] [.WebGL-0x13c02321000] GL_INVALID_VALUE: glTexStorage2D: Texture dimensions must all be greater than zero. @ https://azizkhaldi.com/:0
[  367342ms] [WARNING] [.WebGL-0x13c02321000] GL_INVALID_FRAMEBUFFER_OPERATION: glClear: Framebuffer is incomplete: Attachment has zero size. @ https://azizkhaldi.com/:0
[  367342ms] [WARNING] [.WebGL-0x13c02321000] GL_INVALID_FRAMEBUFFER_OPERATION: glClearBufferfv: Framebuffer is incomplete: Attachment has zero size. @ https://azizkhaldi.com/:0
[  367343ms] [WARNING] [.WebGL-0x13c02321000] GL_INVALID_FRAMEBUFFER_OPERATION: glDrawElements: Framebuffer is incomplete: Attachment has zero size. @ https://azizkhaldi.com/:0
[  367343ms] [WARNING] [.WebGL-0x13c02321000] GL_INVALID_FRAMEBUFFER_OPERATION: glDrawElements: Framebuffer is incomplete: Attachment has zero size. @ https://azizkhaldi.com/:0
[  367343ms] [WARNING] [.WebGL-0x13c02321000] GL_INVALID_FRAMEBUFFER_OPERATION: glDrawElements: Framebuffer is incomplete: Attachment has zero size. @ https://azizkhaldi.com/:0
[  367343ms] [WARNING] [.WebGL-0x13c02321000] GL_INVALID_FRAMEBUFFER_OPERATION: glDrawElements: Framebuffer is incomplete: Attachment has zero size. @ https://azizkhaldi.com/:0
[  367343ms] [WARNING] [.WebGL-0x13c02321000] GL_INVALID_FRAMEBUFFER_OPERATION: glDrawElements: Framebuffer is incomplete: Attachment has zero size. @ https://azizkhaldi.com/:0
[  367343ms] [WARNING] [.WebGL-0x13c02321000] GL_INVALID_FRAMEBUFFER_OPERATION: glDrawElements: Framebuffer is incomplete: Attachment has zero size. @ https://azizkhaldi.com/:0
[  367343ms] [WARNING] [.WebGL-0x13c02321000] GL_INVALID_FRAMEBUFFER_OPERATION: glDrawElements: Framebuffer is incomplete: Attachment has zero size. @ https://azizkhaldi.com/:0
[  367343ms] [WARNING] [.WebGL-0x13c02321000] GL_INVALID_FRAMEBUFFER_OPERATION: glDrawElements: Framebuffer is incomplete: Attachment has zero size. @ https://azizkhaldi.com/:0
[  367343ms] [WARNING] [.WebGL-0x13c02321000] GL_INVALID_FRAMEBUFFER_OPERATION: glDrawElements: Framebuffer is incomplete: Attachment has zero size. @ https://azizkhaldi.com/:0
[  367343ms] [WARNING] [.WebGL-0x13c02321000] GL_INVALID_FRAMEBUFFER_OPERATION: glDrawElements: Framebuffer is incomplete: Attachment has zero size. @ https://azizkhaldi.com/:0
[  367343ms] [WARNING] [.WebGL-0x13c02321000] GL_INVALID_FRAMEBUFFER_OPERATION: glDrawArrays: Framebuffer is incomplete: Attachment has zero size. @ https://azizkhaldi.com/:0
[  367352ms] [WARNING] [.WebGL-0x13c02321000] GL_INVALID_FRAMEBUFFER_OPERATION: glDrawArrays: Framebuffer is incomplete: Attachment has zero size. @ https://azizkhaldi.com/:0
[  367352ms] [WARNING] [.WebGL-0x13c02321000] GL_INVALID_FRAMEBUFFER_OPERATION: glClear: Framebuffer is incomplete: Attachment has zero size. @ https://azizkhaldi.com/:0
[  367352ms] [WARNING] [.WebGL-0x13c02321000] GL_INVALID_FRAMEBUFFER_OPERATION: glClearBufferfv: Framebuffer is incomplete: Attachment has zero size. @ https://azizkhaldi.com/:0
[  367373ms] [WARNING] [.WebGL-0x13c02321000] GL_INVALID_FRAMEBUFFER_OPERATION: glDrawElements: Framebuffer is incomplete: Attachment has zero size. @ https://azizkhaldi.com/:0
[  367373ms] [WARNING] [.WebGL-0x13c02321000] GL_INVALID_FRAMEBUFFER_OPERATION: glDrawElements: Framebuffer is incomplete: Attachment has zero size. @ https://azizkhaldi.com/:0
[  367373ms] [WARNING] [.WebGL-0x13c02321000] GL_INVALID_FRAMEBUFFER_OPERATION: glDrawElements: Framebuffer is incomplete: Attachment has zero size. @ https://azizkhaldi.com/:0
[  367373ms] [WARNING] [.WebGL-0x13c02321000] GL_INVALID_FRAMEBUFFER_OPERATION: glDrawElements: Framebuffer is incomplete: Attachment has zero size. @ https://azizkhaldi.com/:0
[  367374ms] [WARNING] [.WebGL-0x13c02321000] GL_INVALID_FRAMEBUFFER_OPERATION: glDrawElements: Framebuffer is incomplete: Attachment has zero size. @ https://azizkhaldi.com/:0
[  367374ms] [WARNING] [.WebGL-0x13c02321000] GL_INVALID_FRAMEBUFFER_OPERATION: glDrawElements: Framebuffer is incomplete: Attachment has zero size. @ https://azizkhaldi.com/:0
[  367374ms] [WARNING] [.WebGL-0x13c02321000] GL_INVALID_FRAMEBUFFER_OPERATION: glDrawElements: Framebuffer is incomplete: Attachment has zero size. @ https://azizkhaldi.com/:0
[  367374ms] [WARNING] [.WebGL-0x13c02321000] GL_INVALID_FRAMEBUFFER_OPERATION: glDrawElements: Framebuffer is incomplete: Attachment has zero size. @ https://azizkhaldi.com/:0
[  367374ms] [WARNING] [.WebGL-0x13c02321000] GL_INVALID_FRAMEBUFFER_OPERATION: glDrawElements: Framebuffer is incomplete: Attachment has zero size. @ https://azizkhaldi.com/:0
[  367374ms] [WARNING] [.WebGL-0x13c02321000] GL_INVALID_FRAMEBUFFER_OPERATION: glDrawElements: Framebuffer is incomplete: Attachment has zero size. @ https://azizkhaldi.com/:0
[  367374ms] [WARNING] [.WebGL-0x13c02321000] GL_INVALID_FRAMEBUFFER_OPERATION: glDrawArrays: Framebuffer is incomplete: Attachment has zero size. @ https://azizkhaldi.com/:0
[  367374ms] [WARNING] [.WebGL-0x13c02321000] GL_INVALID_FRAMEBUFFER_OPERATION: glDrawArrays: Framebuffer is incomplete: Attachment has zero size. @ https://azizkhaldi.com/:0
[  367374ms] [WARNING] [.WebGL-0x13c02321000] GL_INVALID_FRAMEBUFFER_OPERATION: glClear: Framebuffer is incomplete: Attachment has zero size. @ https://azizkhaldi.com/:0
[  367374ms] [WARNING] [.WebGL-0x13c02321000] GL_INVALID_FRAMEBUFFER_OPERATION: glClearBufferfv: Framebuffer is incomplete: Attachment has zero size. @ https://azizkhaldi.com/:0
[  367385ms] [WARNING] [.WebGL-0x13c02321000] GL_INVALID_FRAMEBUFFER_OPERATION: glDrawElements: Framebuffer is incomplete: Attachment has zero size. @ https://azizkhaldi.com/:0
[  367385ms] [WARNING] [.WebGL-0x13c02321000] GL_INVALID_FRAMEBUFFER_OPERATION: glDrawElements: Framebuffer is incomplete: Attachment has zero size. @ https://azizkhaldi.com/:0
[  367385ms] [WARNING] [.WebGL-0x13c02321000] GL_INVALID_FRAMEBUFFER_OPERATION: glDrawElements: Framebuffer is incomplete: Attachment has zero size. @ https://azizkhaldi.com/:0
[  367385ms] [WARNING] [.WebGL-0x13c02321000] GL_INVALID_FRAMEBUFFER_OPERATION: glDrawElements: Framebuffer is incomplete: Attachment has zero size. @ https://azizkhaldi.com/:0
[  367385ms] [WARNING] [.WebGL-0x13c02321000] GL_INVALID_FRAMEBUFFER_OPERATION: glDrawElements: Framebuffer is incomplete: Attachment has zero size. @ https://azizkhaldi.com/:0
[  367385ms] [WARNING] [.WebGL-0x13c02321000] GL_INVALID_FRAMEBUFFER_OPERATION: glDrawElements: Framebuffer is incomplete: Attachment has zero size. @ https://azizkhaldi.com/:0
[  367385ms] [WARNING] [.WebGL-0x13c02321000] GL_INVALID_FRAMEBUFFER_OPERATION: glDrawElements: Framebuffer is incomplete: Attachment has zero size. @ https://azizkhaldi.com/:0
[  367385ms] [WARNING] [.WebGL-0x13c02321000] GL_INVALID_FRAMEBUFFER_OPERATION: glDrawElements: Framebuffer is incomplete: Attachment has zero size. @ https://azizkhaldi.com/:0
[  367385ms] [WARNING] [.WebGL-0x13c02321000] GL_INVALID_FRAMEBUFFER_OPERATION: glDrawElements: Framebuffer is incomplete: Attachment has zero size. @ https://azizkhaldi.com/:0
[  367385ms] [WARNING] [.WebGL-0x13c02321000] GL_INVALID_FRAMEBUFFER_OPERATION: glDrawElements: Framebuffer is incomplete: Attachment has zero size. @ https://azizkhaldi.com/:0
[  367385ms] [WARNING] [.WebGL-0x13c02321000] GL_INVALID_FRAMEBUFFER_OPERATION: glDrawArrays: Framebuffer is incomplete: Attachment has zero size. @ https://azizkhaldi.com/:0
[  367385ms] [WARNING] [.WebGL-0x13c02321000] GL_INVALID_FRAMEBUFFER_OPERATION: glDrawArrays: Framebuffer is incomplete: Attachment has zero size. @ https://azizkhaldi.com/:0
[  367385ms] [WARNING] [.WebGL-0x13c02321000] GL_INVALID_FRAMEBUFFER_OPERATION: glClear: Framebuffer is incomplete: Attachment has zero size. @ https://azizkhaldi.com/:0
[  367385ms] [WARNING] [.WebGL-0x13c02321000] GL_INVALID_FRAMEBUFFER_OPERATION: glClearBufferfv: Framebuffer is incomplete: Attachment has zero size. @ https://azizkhaldi.com/:0
[  367399ms] [WARNING] [.WebGL-0x13c02321000] GL_INVALID_FRAMEBUFFER_OPERATION: glDrawElements: Framebuffer is incomplete: Attachment has zero size. @ https://azizkhaldi.com/:0
[  367399ms] [WARNING] [.WebGL-0x13c02321000] GL_INVALID_FRAMEBUFFER_OPERATION: glDrawElements: Framebuffer is incomplete: Attachment has zero size. @ https://azizkhaldi.com/:0
[  367399ms] [WARNING] [.WebGL-0x13c02321000] GL_INVALID_FRAMEBUFFER_OPERATION: glDrawElements: Framebuffer is incomplete: Attachment has zero size. @ https://azizkhaldi.com/:0
[  367399ms] [WARNING] [.WebGL-0x13c02321000] GL_INVALID_FRAMEBUFFER_OPERATION: glDrawElements: Framebuffer is incomplete: Attachment has zero size. @ https://azizkhaldi.com/:0
[  367399ms] [WARNING] [.WebGL-0x13c02321000] GL_INVALID_FRAMEBUFFER_OPERATION: glDrawElements: Framebuffer is incomplete: Attachment has zero size. @ https://azizkhaldi.com/:0
[  367399ms] [WARNING] [.WebGL-0x13c02321000] GL_INVALID_FRAMEBUFFER_OPERATION: glDrawElements: Framebuffer is incomplete: Attachment has zero size. @ https://azizkhaldi.com/:0
[  367399ms] [WARNING] [.WebGL-0x13c02321000] GL_INVALID_FRAMEBUFFER_OPERATION: glDrawElements: Framebuffer is incomplete: Attachment has zero size. @ https://azizkhaldi.com/:0
[  367399ms] [WARNING] [.WebGL-0x13c02321000] GL_INVALID_FRAMEBUFFER_OPERATION: glDrawElements: Framebuffer is incomplete: Attachment has zero size. @ https://azizkhaldi.com/:0
[  367399ms] [WARNING] [.WebGL-0x13c02321000] GL_INVALID_FRAMEBUFFER_OPERATION: glDrawElements: Framebuffer is incomplete: Attachment has zero size. @ https://azizkhaldi.com/:0
[  367399ms] [WARNING] [.WebGL-0x13c02321000] GL_INVALID_FRAMEBUFFER_OPERATION: glDrawElements: Framebuffer is incomplete: Attachment has zero size. @ https://azizkhaldi.com/:0
[  367399ms] [WARNING] [.WebGL-0x13c02321000] GL_INVALID_FRAMEBUFFER_OPERATION: glDrawArrays: Framebuffer is incomplete: Attachment has zero size. @ https://azizkhaldi.com/:0
[  367399ms] [WARNING] [.WebGL-0x13c02321000] GL_INVALID_FRAMEBUFFER_OPERATION: glDrawArrays: Framebuffer is incomplete: Attachment has zero size. @ https://azizkhaldi.com/:0
[  367400ms] [WARNING] [.WebGL-0x13c02321000] GL_INVALID_FRAMEBUFFER_OPERATION: glClear: Framebuffer is incomplete: Attachment has zero size. @ https://azizkhaldi.com/:0
[  367400ms] [WARNING] [.WebGL-0x13c02321000] GL_INVALID_FRAMEBUFFER_OPERATION: glClearBufferfv: Framebuffer is incomplete: Attachment has zero size. @ https://azizkhaldi.com/:0
[  367418ms] [WARNING] [.WebGL-0x13c02321000] GL_INVALID_FRAMEBUFFER_OPERATION: glDrawElements: Framebuffer is incomplete: Attachment has zero size. @ https://azizkhaldi.com/:0
[  367418ms] [WARNING] [.WebGL-0x13c02321000] GL_INVALID_FRAMEBUFFER_OPERATION: glDrawElements: Framebuffer is incomplete: Attachment has zero size. @ https://azizkhaldi.com/:0
[  367418ms] [WARNING] [.WebGL-0x13c02321000] GL_INVALID_FRAMEBUFFER_OPERATION: glDrawElements: Framebuffer is incomplete: Attachment has zero size. @ https://azizkhaldi.com/:0
[  367418ms] [WARNING] [.WebGL-0x13c02321000] GL_INVALID_FRAMEBUFFER_OPERATION: glDrawElements: Framebuffer is incomplete: Attachment has zero size. @ https://azizkhaldi.com/:0
[  367418ms] [WARNING] [.WebGL-0x13c02321000] GL_INVALID_FRAMEBUFFER_OPERATION: glDrawElements: Framebuffer is incomplete: Attachment has zero size. @ https://azizkhaldi.com/:0
[  367418ms] [WARNING] [.WebGL-0x13c02321000] GL_INVALID_FRAMEBUFFER_OPERATION: glDrawElements: Framebuffer is incomplete: Attachment has zero size. @ https://azizkhaldi.com/:0
[  367418ms] [WARNING] [.WebGL-0x13c02321000] GL_INVALID_FRAMEBUFFER_OPERATION: glDrawElements: Framebuffer is incomplete: Attachment has zero size. @ https://azizkhaldi.com/:0
[  367418ms] [WARNING] [.WebGL-0x13c02321000] GL_INVALID_FRAMEBUFFER_OPERATION: glDrawElements: Framebuffer is incomplete: Attachment has zero size. @ https://azizkhaldi.com/:0
[  367418ms] [WARNING] [.WebGL-0x13c02321000] GL_INVALID_FRAMEBUFFER_OPERATION: glDrawElements: Framebuffer is incomplete: Attachment has zero size. @ https://azizkhaldi.com/:0
[  367418ms] [WARNING] [.WebGL-0x13c02321000] GL_INVALID_FRAMEBUFFER_OPERATION: glDrawElements: Framebuffer is incomplete: Attachment has zero size. @ https://azizkhaldi.com/:0
[  367418ms] [WARNING] [.WebGL-0x13c02321000] GL_INVALID_FRAMEBUFFER_OPERATION: glDrawArrays: Framebuffer is incomplete: Attachment has zero size. @ https://azizkhaldi.com/:0
[  367418ms] [WARNING] [.WebGL-0x13c02321000] GL_INVALID_FRAMEBUFFER_OPERATION: glDrawArrays: Framebuffer is incomplete: Attachment has zero size. @ https://azizkhaldi.com/:0
[  367418ms] [WARNING] [.WebGL-0x13c02321000] GL_INVALID_FRAMEBUFFER_OPERATION: glClear: Framebuffer is incomplete: Attachment has zero size. @ https://azizkhaldi.com/:0
[  367418ms] [WARNING] [.WebGL-0x13c02321000] GL_INVALID_FRAMEBUFFER_OPERATION: glClearBufferfv: Framebuffer is incomplete: Attachment has zero size. @ https://azizkhaldi.com/:0
[  367434ms] [WARNING] [.WebGL-0x13c02321000] GL_INVALID_FRAMEBUFFER_OPERATION: glDrawElements: Framebuffer is incomplete: Attachment has zero size. @ https://azizkhaldi.com/:0
[  367434ms] [WARNING] [.WebGL-0x13c02321000] GL_INVALID_FRAMEBUFFER_OPERATION: glDrawElements: Framebuffer is incomplete: Attachment has zero size. @ https://azizkhaldi.com/:0
[  367434ms] [WARNING] [.WebGL-0x13c02321000] GL_INVALID_FRAMEBUFFER_OPERATION: glDrawElements: Framebuffer is incomplete: Attachment has zero size. @ https://azizkhaldi.com/:0
[  367434ms] [WARNING] [.WebGL-0x13c02321000] GL_INVALID_FRAMEBUFFER_OPERATION: glDrawElements: Framebuffer is incomplete: Attachment has zero size. @ https://azizkhaldi.com/:0
[  367434ms] [WARNING] [.WebGL-0x13c02321000] GL_INVALID_FRAMEBUFFER_OPERATION: glDrawElements: Framebuffer is incomplete: Attachment has zero size. @ https://azizkhaldi.com/:0
[  367434ms] [WARNING] [.WebGL-0x13c02321000] GL_INVALID_FRAMEBUFFER_OPERATION: glDrawElements: Framebuffer is incomplete: Attachment has zero size. @ https://azizkhaldi.com/:0
[  367434ms] [WARNING] [.WebGL-0x13c02321000] GL_INVALID_FRAMEBUFFER_OPERATION: glDrawElements: Framebuffer is incomplete: Attachment has zero size. @ https://azizkhaldi.com/:0
[  367434ms] [WARNING] [.WebGL-0x13c02321000] GL_INVALID_FRAMEBUFFER_OPERATION: glDrawElements: Framebuffer is incomplete: Attachment has zero size. @ https://azizkhaldi.com/:0
[  367434ms] [WARNING] [.WebGL-0x13c02321000] GL_INVALID_FRAMEBUFFER_OPERATION: glDrawElements: Framebuffer is incomplete: Attachment has zero size. @ https://azizkhaldi.com/:0
[  367434ms] [WARNING] [.WebGL-0x13c02321000] GL_INVALID_FRAMEBUFFER_OPERATION: glDrawElements: Framebuffer is incomplete: Attachment has zero size. @ https://azizkhaldi.com/:0
[  367434ms] [WARNING] [.WebGL-0x13c02321000] GL_INVALID_FRAMEBUFFER_OPERATION: glDrawArrays: Framebuffer is incomplete: Attachment has zero size. @ https://azizkhaldi.com/:0
[  367434ms] [WARNING] [.WebGL-0x13c02321000] GL_INVALID_FRAMEBUFFER_OPERATION: glDrawArrays: Framebuffer is incomplete: Attachment has zero size. @ https://azizkhaldi.com/:0
[  367434ms] [WARNING] [.WebGL-0x13c02321000] GL_INVALID_FRAMEBUFFER_OPERATION: glClear: Framebuffer is incomplete: Attachment has zero size. @ https://azizkhaldi.com/:0
[  367434ms] [WARNING] [.WebGL-0x13c02321000] GL_INVALID_FRAMEBUFFER_OPERATION: glClearBufferfv: Framebuffer is incomplete: Attachment has zero size. @ https://azizkhaldi.com/:0
[  367451ms] [WARNING] [.WebGL-0x13c02321000] GL_INVALID_FRAMEBUFFER_OPERATION: glDrawElements: Framebuffer is incomplete: Attachment has zero size. @ https://azizkhaldi.com/:0
[  367451ms] [WARNING] [.WebGL-0x13c02321000] GL_INVALID_FRAMEBUFFER_OPERATION: glDrawElements: Framebuffer is incomplete: Attachment has zero size. @ https://azizkhaldi.com/:0
[  367451ms] [WARNING] [.WebGL-0x13c02321000] GL_INVALID_FRAMEBUFFER_OPERATION: glDrawElements: Framebuffer is incomplete: Attachment has zero size. @ https://azizkhaldi.com/:0
[  367451ms] [WARNING] [.WebGL-0x13c02321000] GL_INVALID_FRAMEBUFFER_OPERATION: glDrawElements: Framebuffer is incomplete: Attachment has zero size. @ https://azizkhaldi.com/:0
[  367451ms] [WARNING] [.WebGL-0x13c02321000] GL_INVALID_FRAMEBUFFER_OPERATION: glDrawElements: Framebuffer is incomplete: Attachment has zero size. @ https://azizkhaldi.com/:0
[  367451ms] [WARNING] [.WebGL-0x13c02321000] GL_INVALID_FRAMEBUFFER_OPERATION: glDrawElements: Framebuffer is incomplete: Attachment has zero size. @ https://azizkhaldi.com/:0
[  367451ms] [WARNING] [.WebGL-0x13c02321000] GL_INVALID_FRAMEBUFFER_OPERATION: glDrawElements: Framebuffer is incomplete: Attachment has zero size. @ https://azizkhaldi.com/:0
[  367451ms] [WARNING] [.WebGL-0x13c02321000] GL_INVALID_FRAMEBUFFER_OPERATION: glDrawElements: Framebuffer is incomplete: Attachment has zero size. @ https://azizkhaldi.com/:0
[  367451ms] [WARNING] [.WebGL-0x13c02321000] GL_INVALID_FRAMEBUFFER_OPERATION: glDrawElements: Framebuffer is incomplete: Attachment has zero size. @ https://azizkhaldi.com/:0
[  367451ms] [WARNING] [.WebGL-0x13c02321000] GL_INVALID_FRAMEBUFFER_OPERATION: glDrawElements: Framebuffer is incomplete: Attachment has zero size. @ https://azizkhaldi.com/:0
[  367451ms] [WARNING] [.WebGL-0x13c02321000] GL_INVALID_FRAMEBUFFER_OPERATION: glDrawArrays: Framebuffer is incomplete: Attachment has zero size. @ https://azizkhaldi.com/:0
[  367451ms] [WARNING] [.WebGL-0x13c02321000] GL_INVALID_FRAMEBUFFER_OPERATION: glDrawArrays: Framebuffer is incomplete: Attachment has zero size. @ https://azizkhaldi.com/:0
[  367451ms] [WARNING] [.WebGL-0x13c02321000] GL_INVALID_FRAMEBUFFER_OPERATION: glClear: Framebuffer is incomplete: Attachment has zero size. @ https://azizkhaldi.com/:0
[  367451ms] [WARNING] [.WebGL-0x13c02321000] GL_INVALID_FRAMEBUFFER_OPERATION: glClearBufferfv: Framebuffer is incomplete: Attachment has zero size. @ https://azizkhaldi.com/:0
[  367467ms] [WARNING] [.WebGL-0x13c02321000] GL_INVALID_FRAMEBUFFER_OPERATION: glDrawElements: Framebuffer is incomplete: Attachment has zero size. @ https://azizkhaldi.com/:0
[  367467ms] [WARNING] [.WebGL-0x13c02321000] GL_INVALID_FRAMEBUFFER_OPERATION: glDrawElements: Framebuffer is incomplete: Attachment has zero size. @ https://azizkhaldi.com/:0
[  367467ms] [WARNING] [.WebGL-0x13c02321000] GL_INVALID_FRAMEBUFFER_OPERATION: glDrawElements: Framebuffer is incomplete: Attachment has zero size. @ https://azizkhaldi.com/:0
[  367467ms] [WARNING] [.WebGL-0x13c02321000] GL_INVALID_FRAMEBUFFER_OPERATION: glDrawElements: Framebuffer is incomplete: Attachment has zero size. @ https://azizkhaldi.com/:0
[  367467ms] [WARNING] [.WebGL-0x13c02321000] GL_INVALID_FRAMEBUFFER_OPERATION: glDrawElements: Framebuffer is incomplete: Attachment has zero size. @ https://azizkhaldi.com/:0
[  367467ms] [WARNING] [.WebGL-0x13c02321000] GL_INVALID_FRAMEBUFFER_OPERATION: glDrawElements: Framebuffer is incomplete: Attachment has zero size. @ https://azizkhaldi.com/:0
[  367467ms] [WARNING] [.WebGL-0x13c02321000] GL_INVALID_FRAMEBUFFER_OPERATION: glDrawElements: Framebuffer is incomplete: Attachment has zero size. @ https://azizkhaldi.com/:0
[  367467ms] [WARNING] [.WebGL-0x13c02321000] GL_INVALID_FRAMEBUFFER_OPERATION: glDrawElements: Framebuffer is incomplete: Attachment has zero size. @ https://azizkhaldi.com/:0
[  367467ms] [WARNING] [.WebGL-0x13c02321000] GL_INVALID_FRAMEBUFFER_OPERATION: glDrawElements: Framebuffer is incomplete: Attachment has zero size. @ https://azizkhaldi.com/:0
[  367467ms] [WARNING] [.WebGL-0x13c02321000] GL_INVALID_FRAMEBUFFER_OPERATION: glDrawElements: Framebuffer is incomplete: Attachment has zero size. @ https://azizkhaldi.com/:0
[  367467ms] [WARNING] [.WebGL-0x13c02321000] GL_INVALID_FRAMEBUFFER_OPERATION: glDrawArrays: Framebuffer is incomplete: Attachment has zero size. @ https://azizkhaldi.com/:0
[  367467ms] [WARNING] [.WebGL-0x13c02321000] GL_INVALID_FRAMEBUFFER_OPERATION: glDrawArrays: Framebuffer is incomplete: Attachment has zero size. @ https://azizkhaldi.com/:0
[  367467ms] [WARNING] [.WebGL-0x13c02321000] GL_INVALID_FRAMEBUFFER_OPERATION: glClear: Framebuffer is incomplete: Attachment has zero size. @ https://azizkhaldi.com/:0
[  367467ms] [WARNING] [.WebGL-0x13c02321000] GL_INVALID_FRAMEBUFFER_OPERATION: glClearBufferfv: Framebuffer is incomplete: Attachment has zero size. @ https://azizkhaldi.com/:0
[  367484ms] [WARNING] [.WebGL-0x13c02321000] GL_INVALID_FRAMEBUFFER_OPERATION: glDrawElements: Framebuffer is incomplete: Attachment has zero size. @ https://azizkhaldi.com/:0
[  367484ms] [WARNING] [.WebGL-0x13c02321000] GL_INVALID_FRAMEBUFFER_OPERATION: glDrawElements: Framebuffer is incomplete: Attachment has zero size. @ https://azizkhaldi.com/:0
[  367484ms] [WARNING] [.WebGL-0x13c02321000] GL_INVALID_FRAMEBUFFER_OPERATION: glDrawElements: Framebuffer is incomplete: Attachment has zero size. @ https://azizkhaldi.com/:0
[  367484ms] [WARNING] [.WebGL-0x13c02321000] GL_INVALID_FRAMEBUFFER_OPERATION: glDrawElements: Framebuffer is incomplete: Attachment has zero size. @ https://azizkhaldi.com/:0
[  367484ms] [WARNING] [.WebGL-0x13c02321000] GL_INVALID_FRAMEBUFFER_OPERATION: glDrawElements: Framebuffer is incomplete: Attachment has zero size. @ https://azizkhaldi.com/:0
[  367484ms] [WARNING] [.WebGL-0x13c02321000] GL_INVALID_FRAMEBUFFER_OPERATION: glDrawElements: Framebuffer is incomplete: Attachment has zero size. @ https://azizkhaldi.com/:0
[  367484ms] [WARNING] [.WebGL-0x13c02321000] GL_INVALID_FRAMEBUFFER_OPERATION: glDrawElements: Framebuffer is incomplete: Attachment has zero size. @ https://azizkhaldi.com/:0
[  367484ms] [WARNING] [.WebGL-0x13c02321000] GL_INVALID_FRAMEBUFFER_OPERATION: glDrawElements: Framebuffer is incomplete: Attachment has zero size. @ https://azizkhaldi.com/:0
[  367484ms] [WARNING] [.WebGL-0x13c02321000] GL_INVALID_FRAMEBUFFER_OPERATION: glDrawElements: Framebuffer is incomplete: Attachment has zero size. @ https://azizkhaldi.com/:0
[  367484ms] [WARNING] [.WebGL-0x13c02321000] GL_INVALID_FRAMEBUFFER_OPERATION: glDrawElements: Framebuffer is incomplete: Attachment has zero size. @ https://azizkhaldi.com/:0
[  367484ms] [WARNING] [.WebGL-0x13c02321000] GL_INVALID_FRAMEBUFFER_OPERATION: glDrawArrays: Framebuffer is incomplete: Attachment has zero size. @ https://azizkhaldi.com/:0
[  367484ms] [WARNING] [.WebGL-0x13c02321000] GL_INVALID_FRAMEBUFFER_OPERATION: glDrawArrays: Framebuffer is incomplete: Attachment has zero size. @ https://azizkhaldi.com/:0
[  367484ms] [WARNING] [.WebGL-0x13c02321000] GL_INVALID_FRAMEBUFFER_OPERATION: glClear: Framebuffer is incomplete: Attachment has zero size. @ https://azizkhaldi.com/:0
[  367484ms] [WARNING] [.WebGL-0x13c02321000] GL_INVALID_FRAMEBUFFER_OPERATION: glClearBufferfv: Framebuffer is incomplete: Attachment has zero size. @ https://azizkhaldi.com/:0
[  367502ms] [WARNING] [.WebGL-0x13c02321000] GL_INVALID_FRAMEBUFFER_OPERATION: glDrawElements: Framebuffer is incomplete: Attachment has zero size. @ https://azizkhaldi.com/:0
[  367502ms] [WARNING] [.WebGL-0x13c02321000] GL_INVALID_FRAMEBUFFER_OPERATION: glDrawElements: Framebuffer is incomplete: Attachment has zero size. @ https://azizkhaldi.com/:0
[  367502ms] [WARNING] [.WebGL-0x13c02321000] GL_INVALID_FRAMEBUFFER_OPERATION: glDrawElements: Framebuffer is incomplete: Attachment has zero size. @ https://azizkhaldi.com/:0
[  367502ms] [WARNING] [.WebGL-0x13c02321000] GL_INVALID_FRAMEBUFFER_OPERATION: glDrawElements: Framebuffer is incomplete: Attachment has zero size. @ https://azizkhaldi.com/:0
[  367502ms] [WARNING] [.WebGL-0x13c02321000] GL_INVALID_FRAMEBUFFER_OPERATION: glDrawElements: Framebuffer is incomplete: Attachment has zero size. @ https://azizkhaldi.com/:0
[  367502ms] [WARNING] [.WebGL-0x13c02321000] GL_INVALID_FRAMEBUFFER_OPERATION: glDrawElements: Framebuffer is incomplete: Attachment has zero size. @ https://azizkhaldi.com/:0
[  367502ms] [WARNING] [.WebGL-0x13c02321000] GL_INVALID_FRAMEBUFFER_OPERATION: glDrawElements: Framebuffer is incomplete: Attachment has zero size. @ https://azizkhaldi.com/:0
[  367502ms] [WARNING] [.WebGL-0x13c02321000] GL_INVALID_FRAMEBUFFER_OPERATION: glDrawElements: Framebuffer is incomplete: Attachment has zero size. @ https://azizkhaldi.com/:0
[  367502ms] [WARNING] [.WebGL-0x13c02321000] GL_INVALID_FRAMEBUFFER_OPERATION: glDrawElements: Framebuffer is incomplete: Attachment has zero size. @ https://azizkhaldi.com/:0
[  367502ms] [WARNING] [.WebGL-0x13c02321000] GL_INVALID_FRAMEBUFFER_OPERATION: glDrawElements: Framebuffer is incomplete: Attachment has zero size. @ https://azizkhaldi.com/:0
[  367502ms] [WARNING] [.WebGL-0x13c02321000] GL_INVALID_FRAMEBUFFER_OPERATION: glDrawArrays: Framebuffer is incomplete: Attachment has zero size. @ https://azizkhaldi.com/:0
[  367502ms] [WARNING] [.WebGL-0x13c02321000] GL_INVALID_FRAMEBUFFER_OPERATION: glDrawArrays: Framebuffer is incomplete: Attachment has zero size. @ https://azizkhaldi.com/:0
[  367502ms] [WARNING] [.WebGL-0x13c02321000] GL_INVALID_FRAMEBUFFER_OPERATION: glClear: Framebuffer is incomplete: Attachment has zero size. @ https://azizkhaldi.com/:0
[  367502ms] [WARNING] [.WebGL-0x13c02321000] GL_INVALID_FRAMEBUFFER_OPERATION: glClearBufferfv: Framebuffer is incomplete: Attachment has zero size. @ https://azizkhaldi.com/:0
[  367517ms] [WARNING] [.WebGL-0x13c02321000] GL_INVALID_FRAMEBUFFER_OPERATION: glDrawElements: Framebuffer is incomplete: Attachment has zero size. @ https://azizkhaldi.com/:0
[  367517ms] [WARNING] [.WebGL-0x13c02321000] GL_INVALID_FRAMEBUFFER_OPERATION: glDrawElements: Framebuffer is incomplete: Attachment has zero size. @ https://azizkhaldi.com/:0
[  367517ms] [WARNING] [.WebGL-0x13c02321000] GL_INVALID_FRAMEBUFFER_OPERATION: glDrawElements: Framebuffer is incomplete: Attachment has zero size. @ https://azizkhaldi.com/:0
[  367517ms] [WARNING] [.WebGL-0x13c02321000] GL_INVALID_FRAMEBUFFER_OPERATION: glDrawElements: Framebuffer is incomplete: Attachment has zero size. @ https://azizkhaldi.com/:0
[  367517ms] [WARNING] [.WebGL-0x13c02321000] GL_INVALID_FRAMEBUFFER_OPERATION: glDrawElements: Framebuffer is incomplete: Attachment has zero size. @ https://azizkhaldi.com/:0
[  367517ms] [WARNING] [.WebGL-0x13c02321000] GL_INVALID_FRAMEBUFFER_OPERATION: glDrawElements: Framebuffer is incomplete: Attachment has zero size. @ https://azizkhaldi.com/:0
[  367517ms] [WARNING] [.WebGL-0x13c02321000] GL_INVALID_FRAMEBUFFER_OPERATION: glDrawElements: Framebuffer is incomplete: Attachment has zero size. @ https://azizkhaldi.com/:0
[  367517ms] [WARNING] [.WebGL-0x13c02321000] GL_INVALID_FRAMEBUFFER_OPERATION: glDrawElements: Framebuffer is incomplete: Attachment has zero size. @ https://azizkhaldi.com/:0
[  367517ms] [WARNING] [.WebGL-0x13c02321000] GL_INVALID_FRAMEBUFFER_OPERATION: glDrawElements: Framebuffer is incomplete: Attachment has zero size. @ https://azizkhaldi.com/:0
[  367517ms] [WARNING] [.WebGL-0x13c02321000] GL_INVALID_FRAMEBUFFER_OPERATION: glDrawElements: Framebuffer is incomplete: Attachment has zero size. @ https://azizkhaldi.com/:0
[  367517ms] [WARNING] [.WebGL-0x13c02321000] GL_INVALID_FRAMEBUFFER_OPERATION: glDrawArrays: Framebuffer is incomplete: Attachment has zero size. @ https://azizkhaldi.com/:0
[  367517ms] [WARNING] [.WebGL-0x13c02321000] GL_INVALID_FRAMEBUFFER_OPERATION: glDrawArrays: Framebuffer is incomplete: Attachment has zero size. @ https://azizkhaldi.com/:0
[  367517ms] [WARNING] [.WebGL-0x13c02321000] GL_INVALID_FRAMEBUFFER_OPERATION: glClear: Framebuffer is incomplete: Attachment has zero size. @ https://azizkhaldi.com/:0
[  367518ms] [WARNING] [.WebGL-0x13c02321000] GL_INVALID_FRAMEBUFFER_OPERATION: glClearBufferfv: Framebuffer is incomplete: Attachment has zero size. @ https://azizkhaldi.com/:0
[  367535ms] [WARNING] [.WebGL-0x13c02321000] GL_INVALID_FRAMEBUFFER_OPERATION: glDrawElements: Framebuffer is incomplete: Attachment has zero size. @ https://azizkhaldi.com/:0
[  367536ms] [WARNING] [.WebGL-0x13c02321000] GL_INVALID_FRAMEBUFFER_OPERATION: glDrawElements: Framebuffer is incomplete: Attachment has zero size. @ https://azizkhaldi.com/:0
[  367536ms] [WARNING] [.WebGL-0x13c02321000] GL_INVALID_FRAMEBUFFER_OPERATION: glDrawElements: Framebuffer is incomplete: Attachment has zero size. @ https://azizkhaldi.com/:0
[  367536ms] [WARNING] [.WebGL-0x13c02321000] GL_INVALID_FRAMEBUFFER_OPERATION: glDrawElements: Framebuffer is incomplete: Attachment has zero size. @ https://azizkhaldi.com/:0
[  367536ms] [WARNING] [.WebGL-0x13c02321000] GL_INVALID_FRAMEBUFFER_OPERATION: glDrawElements: Framebuffer is incomplete: Attachment has zero size. @ https://azizkhaldi.com/:0
[  367536ms] [WARNING] [.WebGL-0x13c02321000] GL_INVALID_FRAMEBUFFER_OPERATION: glDrawElements: Framebuffer is incomplete: Attachment has zero size. @ https://azizkhaldi.com/:0
[  367536ms] [WARNING] [.WebGL-0x13c02321000] GL_INVALID_FRAMEBUFFER_OPERATION: glDrawElements: Framebuffer is incomplete: Attachment has zero size. @ https://azizkhaldi.com/:0
[  367536ms] [WARNING] [.WebGL-0x13c02321000] GL_INVALID_FRAMEBUFFER_OPERATION: glDrawElements: Framebuffer is incomplete: Attachment has zero size. @ https://azizkhaldi.com/:0
[  367536ms] [WARNING] [.WebGL-0x13c02321000] GL_INVALID_FRAMEBUFFER_OPERATION: glDrawElements: Framebuffer is incomplete: Attachment has zero size. @ https://azizkhaldi.com/:0
[  367536ms] [WARNING] [.WebGL-0x13c02321000] GL_INVALID_FRAMEBUFFER_OPERATION: glDrawElements: Framebuffer is incomplete: Attachment has zero size. @ https://azizkhaldi.com/:0
[  367536ms] [WARNING] [.WebGL-0x13c02321000] GL_INVALID_FRAMEBUFFER_OPERATION: glDrawArrays: Framebuffer is incomplete: Attachment has zero size. @ https://azizkhaldi.com/:0
[  367536ms] [WARNING] [.WebGL-0x13c02321000] GL_INVALID_FRAMEBUFFER_OPERATION: glDrawArrays: Framebuffer is incomplete: Attachment has zero size. @ https://azizkhaldi.com/:0
[  367536ms] [WARNING] [.WebGL-0x13c02321000] GL_INVALID_FRAMEBUFFER_OPERATION: glClear: Framebuffer is incomplete: Attachment has zero size. @ https://azizkhaldi.com/:0
[  367536ms] [WARNING] [.WebGL-0x13c02321000] GL_INVALID_FRAMEBUFFER_OPERATION: glClearBufferfv: Framebuffer is incomplete: Attachment has zero size. @ https://azizkhaldi.com/:0
[  367550ms] [WARNING] [.WebGL-0x13c02321000] GL_INVALID_FRAMEBUFFER_OPERATION: glDrawElements: Framebuffer is incomplete: Attachment has zero size. @ https://azizkhaldi.com/:0
[  367550ms] [WARNING] [.WebGL-0x13c02321000] GL_INVALID_FRAMEBUFFER_OPERATION: glDrawElements: Framebuffer is incomplete: Attachment has zero size. @ https://azizkhaldi.com/:0
[  367551ms] [WARNING] [.WebGL-0x13c02321000] GL_INVALID_FRAMEBUFFER_OPERATION: glDrawElements: Framebuffer is incomplete: Attachment has zero size. @ https://azizkhaldi.com/:0
[  367551ms] [WARNING] [.WebGL-0x13c02321000] GL_INVALID_FRAMEBUFFER_OPERATION: glDrawElements: Framebuffer is incomplete: Attachment has zero size. @ https://azizkhaldi.com/:0
[  367551ms] [WARNING] [.WebGL-0x13c02321000] GL_INVALID_FRAMEBUFFER_OPERATION: glDrawElements: Framebuffer is incomplete: Attachment has zero size. @ https://azizkhaldi.com/:0
[  367551ms] [WARNING] [.WebGL-0x13c02321000] GL_INVALID_FRAMEBUFFER_OPERATION: glDrawElements: Framebuffer is incomplete: Attachment has zero size. @ https://azizkhaldi.com/:0
[  367551ms] [WARNING] [.WebGL-0x13c02321000] GL_INVALID_FRAMEBUFFER_OPERATION: glDrawElements: Framebuffer is incomplete: Attachment has zero size. @ https://azizkhaldi.com/:0
[  367551ms] [WARNING] [.WebGL-0x13c02321000] GL_INVALID_FRAMEBUFFER_OPERATION: glDrawElements: Framebuffer is incomplete: Attachment has zero size. @ https://azizkhaldi.com/:0
[  367551ms] [WARNING] [.WebGL-0x13c02321000] GL_INVALID_FRAMEBUFFER_OPERATION: glDrawElements: Framebuffer is incomplete: Attachment has zero size. @ https://azizkhaldi.com/:0
[  367551ms] [WARNING] [.WebGL-0x13c02321000] GL_INVALID_FRAMEBUFFER_OPERATION: glDrawElements: Framebuffer is incomplete: Attachment has zero size. @ https://azizkhaldi.com/:0
[  367551ms] [WARNING] [.WebGL-0x13c02321000] GL_INVALID_FRAMEBUFFER_OPERATION: glDrawArrays: Framebuffer is incomplete: Attachment has zero size. @ https://azizkhaldi.com/:0
[  367551ms] [WARNING] [.WebGL-0x13c02321000] GL_INVALID_FRAMEBUFFER_OPERATION: glDrawArrays: Framebuffer is incomplete: Attachment has zero size. @ https://azizkhaldi.com/:0
[  367551ms] [WARNING] [.WebGL-0x13c02321000] GL_INVALID_FRAMEBUFFER_OPERATION: glClear: Framebuffer is incomplete: Attachment has zero size. @ https://azizkhaldi.com/:0
[  367551ms] [WARNING] [.WebGL-0x13c02321000] GL_INVALID_FRAMEBUFFER_OPERATION: glClearBufferfv: Framebuffer is incomplete: Attachment has zero size. @ https://azizkhaldi.com/:0
[  367570ms] [WARNING] [.WebGL-0x13c02321000] GL_INVALID_FRAMEBUFFER_OPERATION: glDrawElements: Framebuffer is incomplete: Attachment has zero size. @ https://azizkhaldi.com/:0
[  367570ms] [WARNING] [.WebGL-0x13c02321000] GL_INVALID_FRAMEBUFFER_OPERATION: glDrawElements: Framebuffer is incomplete: Attachment has zero size. @ https://azizkhaldi.com/:0
[  367570ms] [WARNING] [.WebGL-0x13c02321000] GL_INVALID_FRAMEBUFFER_OPERATION: glDrawElements: Framebuffer is incomplete: Attachment has zero size. @ https://azizkhaldi.com/:0
[  367570ms] [WARNING] [.WebGL-0x13c02321000] GL_INVALID_FRAMEBUFFER_OPERATION: glDrawElements: Framebuffer is incomplete: Attachment has zero size. @ https://azizkhaldi.com/:0
[  367570ms] [WARNING] [.WebGL-0x13c02321000] GL_INVALID_FRAMEBUFFER_OPERATION: glDrawElements: Framebuffer is incomplete: Attachment has zero size. @ https://azizkhaldi.com/:0
[  367570ms] [WARNING] [.WebGL-0x13c02321000] GL_INVALID_FRAMEBUFFER_OPERATION: glDrawElements: Framebuffer is incomplete: Attachment has zero size. @ https://azizkhaldi.com/:0
[  367570ms] [WARNING] [.WebGL-0x13c02321000] GL_INVALID_FRAMEBUFFER_OPERATION: glDrawElements: Framebuffer is incomplete: Attachment has zero size. @ https://azizkhaldi.com/:0
[  367570ms] [WARNING] [.WebGL-0x13c02321000] GL_INVALID_FRAMEBUFFER_OPERATION: glDrawElements: Framebuffer is incomplete: Attachment has zero size. @ https://azizkhaldi.com/:0
[  367570ms] [WARNING] [.WebGL-0x13c02321000] GL_INVALID_FRAMEBUFFER_OPERATION: glDrawElements: Framebuffer is incomplete: Attachment has zero size. @ https://azizkhaldi.com/:0
[  367570ms] [WARNING] [.WebGL-0x13c02321000] GL_INVALID_FRAMEBUFFER_OPERATION: glDrawElements: Framebuffer is incomplete: Attachment has zero size. @ https://azizkhaldi.com/:0
[  367570ms] [WARNING] [.WebGL-0x13c02321000] GL_INVALID_FRAMEBUFFER_OPERATION: glDrawArrays: Framebuffer is incomplete: Attachment has zero size. @ https://azizkhaldi.com/:0
[  367570ms] [WARNING] [.WebGL-0x13c02321000] GL_INVALID_FRAMEBUFFER_OPERATION: glDrawArrays: Framebuffer is incomplete: Attachment has zero size. @ https://azizkhaldi.com/:0
[  367570ms] [WARNING] [.WebGL-0x13c02321000] GL_INVALID_FRAMEBUFFER_OPERATION: glClear: Framebuffer is incomplete: Attachment has zero size. @ https://azizkhaldi.com/:0
[  367570ms] [WARNING] [.WebGL-0x13c02321000] GL_INVALID_FRAMEBUFFER_OPERATION: glClearBufferfv: Framebuffer is incomplete: Attachment has zero size. @ https://azizkhaldi.com/:0
[  367583ms] [WARNING] [.WebGL-0x13c02321000] GL_INVALID_FRAMEBUFFER_OPERATION: glDrawElements: Framebuffer is incomplete: Attachment has zero size. @ https://azizkhaldi.com/:0
[  367583ms] [WARNING] [.WebGL-0x13c02321000] GL_INVALID_FRAMEBUFFER_OPERATION: glDrawElements: Framebuffer is incomplete: Attachment has zero size. @ https://azizkhaldi.com/:0
[  367583ms] [WARNING] [.WebGL-0x13c02321000] GL_INVALID_FRAMEBUFFER_OPERATION: glDrawElements: Framebuffer is incomplete: Attachment has zero size. @ https://azizkhaldi.com/:0
[  367583ms] [WARNING] [.WebGL-0x13c02321000] GL_INVALID_FRAMEBUFFER_OPERATION: glDrawElements: Framebuffer is incomplete: Attachment has zero size. @ https://azizkhaldi.com/:0
[  367583ms] [WARNING] [.WebGL-0x13c02321000] GL_INVALID_FRAMEBUFFER_OPERATION: glDrawElements: Framebuffer is incomplete: Attachment has zero size. @ https://azizkhaldi.com/:0
[  367583ms] [WARNING] [.WebGL-0x13c02321000] GL_INVALID_FRAMEBUFFER_OPERATION: glDrawElements: Framebuffer is incomplete: Attachment has zero size. @ https://azizkhaldi.com/:0
[  367583ms] [WARNING] [.WebGL-0x13c02321000] GL_INVALID_FRAMEBUFFER_OPERATION: glDrawElements: Framebuffer is incomplete: Attachment has zero size. @ https://azizkhaldi.com/:0
[  367583ms] [WARNING] [.WebGL-0x13c02321000] GL_INVALID_FRAMEBUFFER_OPERATION: glDrawElements: Framebuffer is incomplete: Attachment has zero size. @ https://azizkhaldi.com/:0
[  367583ms] [WARNING] [.WebGL-0x13c02321000] GL_INVALID_FRAMEBUFFER_OPERATION: glDrawElements: Framebuffer is incomplete: Attachment has zero size. @ https://azizkhaldi.com/:0
[  367583ms] [WARNING] [.WebGL-0x13c02321000] GL_INVALID_FRAMEBUFFER_OPERATION: glDrawElements: Framebuffer is incomplete: Attachment has zero size. @ https://azizkhaldi.com/:0
[  367583ms] [WARNING] [.WebGL-0x13c02321000] GL_INVALID_FRAMEBUFFER_OPERATION: glDrawArrays: Framebuffer is incomplete: Attachment has zero size. @ https://azizkhaldi.com/:0
[  367584ms] [WARNING] [.WebGL-0x13c02321000] GL_INVALID_FRAMEBUFFER_OPERATION: glDrawArrays: Framebuffer is incomplete: Attachment has zero size. @ https://azizkhaldi.com/:0
[  367584ms] [WARNING] [.WebGL-0x13c02321000] GL_INVALID_FRAMEBUFFER_OPERATION: glClear: Framebuffer is incomplete: Attachment has zero size. @ https://azizkhaldi.com/:0
[  367584ms] [WARNING] [.WebGL-0x13c02321000] GL_INVALID_FRAMEBUFFER_OPERATION: glClearBufferfv: Framebuffer is incomplete: Attachment has zero size. @ https://azizkhaldi.com/:0
[  367603ms] [WARNING] [.WebGL-0x13c02321000] GL_INVALID_FRAMEBUFFER_OPERATION: glDrawElements: Framebuffer is incomplete: Attachment has zero size. @ https://azizkhaldi.com/:0
[  367603ms] [WARNING] [.WebGL-0x13c02321000] GL_INVALID_FRAMEBUFFER_OPERATION: glDrawElements: Framebuffer is incomplete: Attachment has zero size. @ https://azizkhaldi.com/:0
[  367603ms] [WARNING] [.WebGL-0x13c02321000] GL_INVALID_FRAMEBUFFER_OPERATION: glDrawElements: Framebuffer is incomplete: Attachment has zero size. @ https://azizkhaldi.com/:0
[  367603ms] [WARNING] [.WebGL-0x13c02321000] GL_INVALID_FRAMEBUFFER_OPERATION: glDrawElements: Framebuffer is incomplete: Attachment has zero size. @ https://azizkhaldi.com/:0
[  367603ms] [WARNING] [.WebGL-0x13c02321000] GL_INVALID_FRAMEBUFFER_OPERATION: glDrawElements: Framebuffer is incomplete: Attachment has zero size. @ https://azizkhaldi.com/:0
[  367603ms] [WARNING] [.WebGL-0x13c02321000] GL_INVALID_FRAMEBUFFER_OPERATION: glDrawElements: Framebuffer is incomplete: Attachment has zero size. @ https://azizkhaldi.com/:0
[  367603ms] [WARNING] [.WebGL-0x13c02321000] GL_INVALID_FRAMEBUFFER_OPERATION: glDrawElements: Framebuffer is incomplete: Attachment has zero size. @ https://azizkhaldi.com/:0
[  367603ms] [WARNING] [.WebGL-0x13c02321000] GL_INVALID_FRAMEBUFFER_OPERATION: glDrawElements: Framebuffer is incomplete: Attachment has zero size. @ https://azizkhaldi.com/:0
[  367603ms] [WARNING] [.WebGL-0x13c02321000] GL_INVALID_FRAMEBUFFER_OPERATION: glDrawElements: Framebuffer is incomplete: Attachment has zero size. @ https://azizkhaldi.com/:0
[  367603ms] [WARNING] [.WebGL-0x13c02321000] GL_INVALID_FRAMEBUFFER_OPERATION: glDrawElements: Framebuffer is incomplete: Attachment has zero size. @ https://azizkhaldi.com/:0
[  367603ms] [WARNING] [.WebGL-0x13c02321000] GL_INVALID_FRAMEBUFFER_OPERATION: glDrawArrays: Framebuffer is incomplete: Attachment has zero size. @ https://azizkhaldi.com/:0
[  367603ms] [WARNING] [.WebGL-0x13c02321000] GL_INVALID_FRAMEBUFFER_OPERATION: glDrawArrays: Framebuffer is incomplete: Attachment has zero size. @ https://azizkhaldi.com/:0
[  367603ms] [WARNING] [.WebGL-0x13c02321000] GL_INVALID_FRAMEBUFFER_OPERATION: glClear: Framebuffer is incomplete: Attachment has zero size. @ https://azizkhaldi.com/:0
[  367603ms] [WARNING] [.WebGL-0x13c02321000] GL_INVALID_FRAMEBUFFER_OPERATION: glClearBufferfv: Framebuffer is incomplete: Attachment has zero size. @ https://azizkhaldi.com/:0
[  367617ms] [WARNING] [.WebGL-0x13c02321000] GL_INVALID_FRAMEBUFFER_OPERATION: glDrawElements: Framebuffer is incomplete: Attachment has zero size. @ https://azizkhaldi.com/:0
[  367617ms] [WARNING] [.WebGL-0x13c02321000] GL_INVALID_FRAMEBUFFER_OPERATION: glDrawElements: Framebuffer is incomplete: Attachment has zero size. @ https://azizkhaldi.com/:0
[  367617ms] [WARNING] [.WebGL-0x13c02321000] GL_INVALID_FRAMEBUFFER_OPERATION: glDrawElements: Framebuffer is incomplete: Attachment has zero size. @ https://azizkhaldi.com/:0
[  367617ms] [WARNING] [.WebGL-0x13c02321000] GL_INVALID_FRAMEBUFFER_OPERATION: glDrawElements: Framebuffer is incomplete: Attachment has zero size. @ https://azizkhaldi.com/:0
[  367617ms] [WARNING] [.WebGL-0x13c02321000] GL_INVALID_FRAMEBUFFER_OPERATION: glDrawElements: Framebuffer is incomplete: Attachment has zero size. @ https://azizkhaldi.com/:0
[  367617ms] [WARNING] [.WebGL-0x13c02321000] GL_INVALID_FRAMEBUFFER_OPERATION: glDrawElements: Framebuffer is incomplete: Attachment has zero size. @ https://azizkhaldi.com/:0
[  367617ms] [WARNING] [.WebGL-0x13c02321000] GL_INVALID_FRAMEBUFFER_OPERATION: glDrawElements: Framebuffer is incomplete: Attachment has zero size. @ https://azizkhaldi.com/:0
[  367617ms] [WARNING] [.WebGL-0x13c02321000] GL_INVALID_FRAMEBUFFER_OPERATION: glDrawElements: Framebuffer is incomplete: Attachment has zero size. @ https://azizkhaldi.com/:0
[  367617ms] [WARNING] [.WebGL-0x13c02321000] GL_INVALID_FRAMEBUFFER_OPERATION: glDrawElements: Framebuffer is incomplete: Attachment has zero size. @ https://azizkhaldi.com/:0
[  367617ms] [WARNING] [.WebGL-0x13c02321000] GL_INVALID_FRAMEBUFFER_OPERATION: glDrawElements: Framebuffer is incomplete: Attachment has zero size. @ https://azizkhaldi.com/:0
[  367617ms] [WARNING] [.WebGL-0x13c02321000] GL_INVALID_FRAMEBUFFER_OPERATION: glDrawArrays: Framebuffer is incomplete: Attachment has zero size. @ https://azizkhaldi.com/:0
[  367617ms] [WARNING] [.WebGL-0x13c02321000] GL_INVALID_FRAMEBUFFER_OPERATION: glDrawArrays: Framebuffer is incomplete: Attachment has zero size. @ https://azizkhaldi.com/:0
[  367617ms] [WARNING] [.WebGL-0x13c02321000] GL_INVALID_FRAMEBUFFER_OPERATION: glClear: Framebuffer is incomplete: Attachment has zero size. @ https://azizkhaldi.com/:0
[  367617ms] [WARNING] [.WebGL-0x13c02321000] GL_INVALID_FRAMEBUFFER_OPERATION: glClearBufferfv: Framebuffer is incomplete: Attachment has zero size. @ https://azizkhaldi.com/:0
[  367633ms] [WARNING] [.WebGL-0x13c02321000] GL_INVALID_FRAMEBUFFER_OPERATION: glDrawElements: Framebuffer is incomplete: Attachment has zero size. @ https://azizkhaldi.com/:0
[  367633ms] [WARNING] [.WebGL-0x13c02321000] GL_INVALID_FRAMEBUFFER_OPERATION: glDrawElements: Framebuffer is incomplete: Attachment has zero size. @ https://azizkhaldi.com/:0
[  367633ms] [WARNING] [.WebGL-0x13c02321000] GL_INVALID_FRAMEBUFFER_OPERATION: glDrawElements: Framebuffer is incomplete: Attachment has zero size. @ https://azizkhaldi.com/:0
[  367633ms] [WARNING] [.WebGL-0x13c02321000] GL_INVALID_FRAMEBUFFER_OPERATION: glDrawElements: Framebuffer is incomplete: Attachment has zero size. @ https://azizkhaldi.com/:0
[  367633ms] [WARNING] [.WebGL-0x13c02321000] GL_INVALID_FRAMEBUFFER_OPERATION: glDrawElements: Framebuffer is incomplete: Attachment has zero size. @ https://azizkhaldi.com/:0
[  367633ms] [WARNING] [.WebGL-0x13c02321000] GL_INVALID_FRAMEBUFFER_OPERATION: glDrawElements: Framebuffer is incomplete: Attachment has zero size. @ https://azizkhaldi.com/:0
[  367633ms] [WARNING] [.WebGL-0x13c02321000] GL_INVALID_FRAMEBUFFER_OPERATION: glDrawElements: Framebuffer is incomplete: Attachment has zero size. @ https://azizkhaldi.com/:0
[  367633ms] [WARNING] [.WebGL-0x13c02321000] GL_INVALID_FRAMEBUFFER_OPERATION: glDrawElements: Framebuffer is incomplete: Attachment has zero size. @ https://azizkhaldi.com/:0
[  367633ms] [WARNING] [.WebGL-0x13c02321000] GL_INVALID_FRAMEBUFFER_OPERATION: glDrawElements: Framebuffer is incomplete: Attachment has zero size. @ https://azizkhaldi.com/:0
[  367633ms] [WARNING] [.WebGL-0x13c02321000] GL_INVALID_FRAMEBUFFER_OPERATION: glDrawElements: Framebuffer is incomplete: Attachment has zero size. @ https://azizkhaldi.com/:0
[  367633ms] [WARNING] [.WebGL-0x13c02321000] GL_INVALID_FRAMEBUFFER_OPERATION: glDrawArrays: Framebuffer is incomplete: Attachment has zero size. @ https://azizkhaldi.com/:0
[  367633ms] [WARNING] [.WebGL-0x13c02321000] GL_INVALID_FRAMEBUFFER_OPERATION: glDrawArrays: Framebuffer is incomplete: Attachment has zero size. @ https://azizkhaldi.com/:0
[  367634ms] [WARNING] [.WebGL-0x13c02321000] GL_INVALID_FRAMEBUFFER_OPERATION: glClear: Framebuffer is incomplete: Attachment has zero size. @ https://azizkhaldi.com/:0
[  367634ms] [WARNING] [.WebGL-0x13c02321000] GL_INVALID_FRAMEBUFFER_OPERATION: glClearBufferfv: Framebuffer is incomplete: Attachment has zero size. @ https://azizkhaldi.com/:0
[  367634ms] [WARNING] [.WebGL-0x13c02321000] GL_INVALID_FRAMEBUFFER_OPERATION: glDrawElements: Framebuffer is incomplete: Attachment has zero size. @ https://azizkhaldi.com/:0
[  367634ms] [WARNING] WebGL: too many errors, no more errors will be reported to the console for this context. @ https://azizkhaldi.com/:0
