[     313ms] [INFO] %cDownload the React DevTools for a better development experience: https://react.dev/link/react-devtools font-weight:bold @ http://localhost:3000/_next/static/chunks/node_modules_next_dist_115brz8._.js:2477
[     352ms] [LOG] [HMR] connected @ http://localhost:3000/_next/static/chunks/node_modules_next_dist_115brz8._.js:2477
[     457ms] [WARNING] Image with src "/assetshelo/Nascar/ZaneSmith/TL_01108-2.jpg" is using quality "88" which is not configured in images.qualities [75]. Please update your config to [75, 88].
Read more: https://nextjs.org/docs/messages/next-image-unconfigured-qualities @ http://localhost:3000/_next/static/chunks/node_modules_next_dist_115brz8._.js:2477
[     465ms] [WARNING] Image with src "/assetshelo/Nascar/Logos/gigFastInternet.png" is using quality "92" which is not configured in images.qualities [75]. Please update your config to [75, 92].
Read more: https://nextjs.org/docs/messages/next-image-unconfigured-qualities @ http://localhost:3000/_next/static/chunks/node_modules_next_dist_115brz8._.js:2477
[     467ms] [WARNING] Image with src "/assetshelo/Nascar/Logos/RTALogo.png" is using quality "92" which is not configured in images.qualities [75]. Please update your config to [75, 92].
Read more: https://nextjs.org/docs/messages/next-image-unconfigured-qualities @ http://localhost:3000/_next/static/chunks/node_modules_next_dist_115brz8._.js:2477
[     469ms] [WARNING] Image with src "/assetshelo/Nascar/Logos/rtatelcom.png" is using quality "92" which is not configured in images.qualities [75]. Please update your config to [75, 92].
Read more: https://nextjs.org/docs/messages/next-image-unconfigured-qualities @ http://localhost:3000/_next/static/chunks/node_modules_next_dist_115brz8._.js:2477
[     475ms] [WARNING] Image with src "/assetshelo/Nascar/ZaneSmith/2328TP1264.jpg" is using quality "86" which is not configured in images.qualities [75]. Please update your config to [75, 86].
Read more: https://nextjs.org/docs/messages/next-image-unconfigured-qualities @ http://localhost:3000/_next/static/chunks/node_modules_next_dist_115brz8._.js:2477
[     478ms] [WARNING] Image with src "/assetshelo/Nascar/ZaneSmith/2313CO1085.jpg" is using quality "85" which is not configured in images.qualities [75]. Please update your config to [75, 85].
Read more: https://nextjs.org/docs/messages/next-image-unconfigured-qualities @ http://localhost:3000/_next/static/chunks/node_modules_next_dist_115brz8._.js:2477
[     481ms] [WARNING] Image with src "/assetshelo/Nascar/ZaneSmith/2313DG2120.jpg" is using quality "85" which is not configured in images.qualities [75]. Please update your config to [75, 85].
Read more: https://nextjs.org/docs/messages/next-image-unconfigured-qualities @ http://localhost:3000/_next/static/chunks/node_modules_next_dist_115brz8._.js:2477
[     485ms] [WARNING] Image with src "/assetshelo/Nascar/ZaneSmith/2328TP1318.jpg" is using quality "86" which is not configured in images.qualities [75]. Please update your config to [75, 86].
Read more: https://nextjs.org/docs/messages/next-image-unconfigured-qualities @ http://localhost:3000/_next/static/chunks/node_modules_next_dist_115brz8._.js:2477
[     488ms] [WARNING] Image with src "/assetshelo/Nascar/Logos/gigometer.png" is using quality "92" which is not configured in images.qualities [75]. Please update your config to [75, 92].
Read more: https://nextjs.org/docs/messages/next-image-unconfigured-qualities @ http://localhost:3000/_next/static/chunks/node_modules_next_dist_115brz8._.js:2477
[     492ms] [WARNING] Image with src "/assetshelo/Nascar/ZaneSmith/TL_01178-2.jpg" is using quality "85" which is not configured in images.qualities [75]. Please update your config to [75, 85].
Read more: https://nextjs.org/docs/messages/next-image-unconfigured-qualities @ http://localhost:3000/_next/static/chunks/node_modules_next_dist_115brz8._.js:2477
[     495ms] [WARNING] Image with src "/assetshelo/Nascar/ZaneSmith/DSC06043.jpg" is using quality "85" which is not configured in images.qualities [75]. Please update your config to [75, 85].
Read more: https://nextjs.org/docs/messages/next-image-unconfigured-qualities @ http://localhost:3000/_next/static/chunks/node_modules_next_dist_115brz8._.js:2477
[     497ms] [WARNING] Image with src "/assetshelo/Nascar/ZaneSmith/2215HH1758.jpg" is using quality "85" which is not configured in images.qualities [75]. Please update your config to [75, 85].
Read more: https://nextjs.org/docs/messages/next-image-unconfigured-qualities @ http://localhost:3000/_next/static/chunks/node_modules_next_dist_115brz8._.js:2477
[     500ms] [WARNING] Image with src "/assetshelo/Nascar/ZaneSmith/IMG_7925.jpeg" is using quality "85" which is not configured in images.qualities [75]. Please update your config to [75, 85].
Read more: https://nextjs.org/docs/messages/next-image-unconfigured-qualities @ http://localhost:3000/_next/static/chunks/node_modules_next_dist_115brz8._.js:2477
[     503ms] [WARNING] Image with src "/assetshelo/Nascar/ZaneSmith/2313CO1018.jpg" is using quality "80" which is not configured in images.qualities [75]. Please update your config to [75, 80].
Read more: https://nextjs.org/docs/messages/next-image-unconfigured-qualities @ http://localhost:3000/_next/static/chunks/node_modules_next_dist_115brz8._.js:2477
[     506ms] [WARNING] Image with src "/assetshelo/Nascar/ZaneSmith/2313DG1291.jpg" is using quality "80" which is not configured in images.qualities [75]. Please update your config to [75, 80].
Read more: https://nextjs.org/docs/messages/next-image-unconfigured-qualities @ http://localhost:3000/_next/static/chunks/node_modules_next_dist_115brz8._.js:2477
[     508ms] [WARNING] Image with src "/assetshelo/Nascar/ZaneSmith/2328JN1808.jpg" is using quality "80" which is not configured in images.qualities [75]. Please update your config to [75, 80].
Read more: https://nextjs.org/docs/messages/next-image-unconfigured-qualities @ http://localhost:3000/_next/static/chunks/node_modules_next_dist_115brz8._.js:2477
[     510ms] [WARNING] Image with src "/assetshelo/Nascar/ZaneSmith/2328JN1547.jpg" is using quality "80" which is not configured in images.qualities [75]. Please update your config to [75, 80].
Read more: https://nextjs.org/docs/messages/next-image-unconfigured-qualities @ http://localhost:3000/_next/static/chunks/node_modules_next_dist_115brz8._.js:2477
[     513ms] [WARNING] Image with src "/assetshelo/Nascar/ZaneSmith/2328TP1474.jpg" is using quality "80" which is not configured in images.qualities [75]. Please update your config to [75, 80].
Read more: https://nextjs.org/docs/messages/next-image-unconfigured-qualities @ http://localhost:3000/_next/static/chunks/node_modules_next_dist_115brz8._.js:2477
[     516ms] [WARNING] Image with src "/assetshelo/Nascar/ZaneSmith/thumb_IMG_9039.jpg" is using quality "80" which is not configured in images.qualities [75]. Please update your config to [75, 80].
Read more: https://nextjs.org/docs/messages/next-image-unconfigured-qualities @ http://localhost:3000/_next/static/chunks/node_modules_next_dist_115brz8._.js:2477
[     518ms] [WARNING] Image with src "/assetshelo/Nascar/ZaneSmith/thumb_IMG_9044.jpg" is using quality "80" which is not configured in images.qualities [75]. Please update your config to [75, 80].
Read more: https://nextjs.org/docs/messages/next-image-unconfigured-qualities @ http://localhost:3000/_next/static/chunks/node_modules_next_dist_115brz8._.js:2477
[     520ms] [WARNING] Image with src "/assetshelo/Nascar/ZaneSmith/thumb_IMG_8994.jpg" is using quality "80" which is not configured in images.qualities [75]. Please update your config to [75, 80].
Read more: https://nextjs.org/docs/messages/next-image-unconfigured-qualities @ http://localhost:3000/_next/static/chunks/node_modules_next_dist_115brz8._.js:2477
[  131213ms] [ERROR] Failed to load resource: the server responded with a status of 404 (Not Found) @ http://localhost:3000/projects/app-showcase/screen-01.jpg:0
[  132015ms] [ERROR] Failed to load resource: the server responded with a status of 404 (Not Found) @ http://localhost:3000/projects/app-showcase/watch-01.jpg:0
[  136858ms] [WARNING] Image with src "/assetshelo/helomascot/Helo.png" has "fill" but is missing "sizes" prop. Please add it to improve page performance. Read more: https://nextjs.org/docs/api-reference/next/image#sizes @ http://localhost:3000/_next/static/chunks/node_modules_next_dist_115brz8._.js:2477
[  688446ms] [LOG] [Fast Refresh] rebuilding @ http://localhost:3000/_next/static/chunks/node_modules_next_dist_115brz8._.js:2477
[  688593ms] [LOG] [Fast Refresh] done in 217ms @ http://localhost:3000/_next/static/chunks/node_modules_next_dist_115brz8._.js:2477
[  697728ms] [LOG] [Fast Refresh] rebuilding @ http://localhost:3000/_next/static/chunks/node_modules_next_dist_115brz8._.js:2477
[  697753ms] [LOG] [Fast Refresh] done in 96ms @ http://localhost:3000/_next/static/chunks/node_modules_next_dist_115brz8._.js:2477
[  707940ms] [LOG] [Fast Refresh] rebuilding @ http://localhost:3000/_next/static/chunks/node_modules_next_dist_115brz8._.js:2477
[  707966ms] [LOG] [Fast Refresh] done in 72ms @ http://localhost:3000/_next/static/chunks/node_modules_next_dist_115brz8._.js:2477
[  717401ms] [LOG] [Fast Refresh] rebuilding @ http://localhost:3000/_next/static/chunks/node_modules_next_dist_115brz8._.js:2477
[  717428ms] [LOG] [Fast Refresh] done in 65ms @ http://localhost:3000/_next/static/chunks/node_modules_next_dist_115brz8._.js:2477
[  749454ms] [LOG] [Fast Refresh] rebuilding @ http://localhost:3000/_next/static/chunks/node_modules_next_dist_115brz8._.js:2477
[  749677ms] [LOG] [Fast Refresh] done in 263ms @ http://localhost:3000/_next/static/chunks/node_modules_next_dist_115brz8._.js:2477
[  823068ms] [LOG] [Fast Refresh] rebuilding @ http://localhost:3000/_next/static/chunks/node_modules_next_dist_115brz8._.js:2477
[  823315ms] [LOG] [Fast Refresh] done in 278ms @ http://localhost:3000/_next/static/chunks/node_modules_next_dist_115brz8._.js:2477
[  851287ms] [LOG] [Fast Refresh] rebuilding @ http://localhost:3000/_next/static/chunks/node_modules_next_dist_115brz8._.js:2477
[  851444ms] [LOG] [Fast Refresh] done in 171ms @ http://localhost:3000/_next/static/chunks/node_modules_next_dist_115brz8._.js:2477
[  889058ms] [LOG] [Fast Refresh] rebuilding @ http://localhost:3000/_next/static/chunks/node_modules_next_dist_115brz8._.js:2477
[  889087ms] [LOG] [Fast Refresh] done in 102ms @ http://localhost:3000/_next/static/chunks/node_modules_next_dist_115brz8._.js:2477
